<?xml version="1.0" encoding="UTF-8"?>
<robot generator="Robot 3.2.2 (Python 3.9.1 on win32)" generated="20210205 12:52:06.837" rpa="false">
<suite id="s1" name="TS001 Posts" source="C:\typicodetests\http-jsonplaceholder.typicode.com-robotframework\RobotAutomation\TestCases\GetPostsTC\TS001_Posts.robot">
<test id="s1-t1" name="TC001 VALIDATE GET ALL POSTS ENDPOINT">
<kw name="ENVIRONMENT SETUP" type="setup">
<kw name="GET ENVIRONMENT TYPE" library="PostsHelper">
<arguments>
<arg>base_url</arg>
</arguments>
<assign>
<var>${url}</var>
</assign>
<kw name="Get Environment" library="FixtureLoader">
<assign>
<var>${envVal}</var>
</assign>
<msg timestamp="20210205 12:52:07.828" level="INFO">${envVal} = production</msg>
<status status="PASS" starttime="20210205 12:52:07.826" endtime="20210205 12:52:07.828"></status>
</kw>
<kw name="Get Global Variables" library="FixtureLoader">
<arguments>
<arg>${envVal}</arg>
<arg>${value}</arg>
</arguments>
<assign>
<var>${result}</var>
</assign>
<msg timestamp="20210205 12:52:07.830" level="INFO">${result} = http://jsonplaceholder.typicode.com</msg>
<status status="PASS" starttime="20210205 12:52:07.828" endtime="20210205 12:52:07.830"></status>
</kw>
<msg timestamp="20210205 12:52:07.831" level="INFO">${url} = http://jsonplaceholder.typicode.com</msg>
<status status="PASS" starttime="20210205 12:52:07.825" endtime="20210205 12:52:07.831"></status>
</kw>
<kw name="GET TEMPLATE VALUE" library="PostsHelper">
<arguments>
<arg>TestData.json</arg>
<arg>allposts</arg>
<arg>postcount</arg>
</arguments>
<assign>
<var>${allpostcount}</var>
</assign>
<kw name="Get Expected Value" library="FixtureLoader">
<arguments>
<arg>${templatefile}</arg>
<arg>${key}</arg>
<arg>${value}</arg>
</arguments>
<assign>
<var>${tempvalue}</var>
</assign>
<msg timestamp="20210205 12:52:07.833" level="INFO">${tempvalue} = 100</msg>
<status status="PASS" starttime="20210205 12:52:07.831" endtime="20210205 12:52:07.833"></status>
</kw>
<msg timestamp="20210205 12:52:07.833" level="INFO">${allpostcount} = 100</msg>
<status status="PASS" starttime="20210205 12:52:07.831" endtime="20210205 12:52:07.833"></status>
</kw>
<kw name="Set Suite Variable" library="BuiltIn">
<doc>Makes a variable available everywhere within the scope of the current suite.</doc>
<arguments>
<arg>${base_url}</arg>
<arg>${url}</arg>
</arguments>
<msg timestamp="20210205 12:52:07.835" level="INFO">${base_url} = http://jsonplaceholder.typicode.com</msg>
<status status="PASS" starttime="20210205 12:52:07.833" endtime="20210205 12:52:07.835"></status>
</kw>
<kw name="Set Suite Variable" library="BuiltIn">
<doc>Makes a variable available everywhere within the scope of the current suite.</doc>
<arguments>
<arg>${templatefile}</arg>
<arg>TestData.json</arg>
</arguments>
<msg timestamp="20210205 12:52:07.837" level="INFO">${templatefile} = TestData.json</msg>
<status status="PASS" starttime="20210205 12:52:07.835" endtime="20210205 12:52:07.837"></status>
</kw>
<kw name="Set Suite Variable" library="BuiltIn">
<doc>Makes a variable available everywhere within the scope of the current suite.</doc>
<arguments>
<arg>${allpostcnt}</arg>
<arg>${allpostcount}</arg>
</arguments>
<msg timestamp="20210205 12:52:07.842" level="INFO">${allpostcnt} = 100</msg>
<status status="PASS" starttime="20210205 12:52:07.839" endtime="20210205 12:52:07.843"></status>
</kw>
<status status="PASS" starttime="20210205 12:52:07.823" endtime="20210205 12:52:07.843"></status>
</kw>
<kw name="INITIATE GET REQUEST" library="PostsHelper">
<arguments>
<arg>Get_All_Posts</arg>
<arg>${base_url}</arg>
<arg>/posts</arg>
</arguments>
<assign>
<var>${response}</var>
</assign>
<kw name="Create Session" library="RequestsLibrary">
<doc>Create Session: create a HTTP session to a server</doc>
<arguments>
<arg>${session_name}</arg>
<arg>${url}</arg>
</arguments>
<msg timestamp="20210205 12:52:07.845" level="INFO">Creating Session using : alias=Get_All_Posts, url=http://jsonplaceholder.typicode.com, headers={},                     cookies={}, auth=None, timeout=None, proxies=None, verify=False,                     debug=0 </msg>
<status status="PASS" starttime="20210205 12:52:07.845" endtime="20210205 12:52:07.846"></status>
</kw>
<kw name="Get On Session" library="RequestsLibrary">
<doc>Sends a GET request on a previously created HTTP Session.</doc>
<arguments>
<arg>${session_name}</arg>
<arg>${endpoint}</arg>
</arguments>
<assign>
<var>${response}</var>
</assign>
<msg timestamp="20210205 12:52:07.934" level="INFO">GET Request : url=http://jsonplaceholder.typicode.com/posts 
 path_url=/posts 
 headers={'User-Agent': 'python-requests/2.25.1', 'Accept-Encoding': 'gzip, deflate', 'Accept': '*/*', 'Connection': 'keep-alive'} 
 body=None 
 </msg>
<msg timestamp="20210205 12:52:07.935" level="INFO">GET Response : url=http://jsonplaceholder.typicode.com/posts 
 status=200, reason=OK 
 headers={'Date': 'Fri, 05 Feb 2021 17:52:08 GMT', 'Content-Type': 'application/json; charset=utf-8', 'Transfer-Encoding': 'chunked', 'Connection': 'keep-alive', 'Set-Cookie': '__cfduid=d46a5f52f54f599588660c6217719c2f51612547528; expires=Sun, 07-Mar-21 17:52:08 GMT; path=/; domain=.typicode.com; HttpOnly; SameSite=Lax', 'X-Powered-By': 'Express', 'X-Ratelimit-Limit': '1000', 'X-Ratelimit-Remaining': '999', 'X-Ratelimit-Reset': '1612307992', 'Vary': 'Origin, Accept-Encoding', 'Access-Control-Allow-Credentials': 'true', 'Cache-Control': 'max-age=43200', 'Pragma': 'no-cache', 'Expires': '-1', 'X-Content-Type-Options': 'nosniff', 'Etag': 'W/"6b80-Ybsq/K6GwwqrYkAsFxqDXGC7DoM"', 'Content-Encoding': 'gzip', 'Via': '1.1 vegur', 'CF-Cache-Status': 'HIT', 'Age': '7577', 'cf-request-id': '0814ebad8700003df2e60f0000000001', 'Report-To': '{"group":"cf-nel","max_age":604800,"endpoints":[{"url":"https:\\/\\/a.nel.cloudflare.com\\/report?s=seQ5bPwLk9He%2F5jLSee%2BemwjLJTkPn%2FFzl5q7TdyuGFYIBG0H8nEKl5kZDZhf%2FLm0X9oal7OzVBc4sMJ9PGdEIL5EpLSd612reUZXRTm6iXLwmnuXnJzbBvNhoCG"}]}', 'NEL': '{"report_to":"cf-nel","max_age":604800}', 'Server': 'cloudflare', 'CF-RAY': '61ce7bc27eb23df2-EWR'} 
 body=[
  {
    "userId": 1,
    "id": 1,
    "title": "sunt aut facere repellat provident occaecati excepturi optio reprehenderit",
    "body": "quia et suscipit\nsuscipit recusandae consequuntur expedita et cum\nreprehenderit molestiae ut ut quas totam\nnostrum rerum est autem sunt rem eveniet architecto"
  },
  {
    "userId": 1,
    "id": 2,
    "title": "qui est esse",
    "body": "est rerum tempore vitae\nsequi sint nihil reprehenderit dolor beatae ea dolores neque\nfugiat blanditiis voluptate porro vel nihil molestiae ut reiciendis\nqui aperiam non debitis possimus qui neque nisi nulla"
  },
  {
    "userId": 1,
    "id": 3,
    "title": "ea molestias quasi exercitationem repellat qui ipsa sit aut",
    "body": "et iusto sed quo iure\nvoluptatem occaecati omnis eligendi aut ad\nvoluptatem doloribus vel accusantium quis pariatur\nmolestiae porro eius odio et labore et velit aut"
  },
  {
    "userId": 1,
    "id": 4,
    "title": "eum et est occaecati",
    "body": "ullam et saepe reiciendis voluptatem adipisci\nsit amet autem assumenda provident rerum culpa\nquis hic commodi nesciunt rem tenetur doloremque ipsam iure\nquis sunt voluptatem rerum illo velit"
  },
  {
    "userId": 1,
    "id": 5,
    "title": "nesciunt quas odio",
    "body": "repudiandae veniam quaerat sunt sed\nalias aut fugiat sit autem sed est\nvoluptatem omnis possimus esse voluptatibus quis\nest aut tenetur dolor neque"
  },
  {
    "userId": 1,
    "id": 6,
    "title": "dolorem eum magni eos aperiam quia",
    "body": "ut aspernatur corporis harum nihil quis provident sequi\nmollitia nobis aliquid molestiae\nperspiciatis et ea nemo ab reprehenderit accusantium quas\nvoluptate dolores velit et doloremque molestiae"
  },
  {
    "userId": 1,
    "id": 7,
    "title": "magnam facilis autem",
    "body": "dolore placeat quibusdam ea quo vitae\nmagni quis enim qui quis quo nemo aut saepe\nquidem repellat excepturi ut quia\nsunt ut sequi eos ea sed quas"
  },
  {
    "userId": 1,
    "id": 8,
    "title": "dolorem dolore est ipsam",
    "body": "dignissimos aperiam dolorem qui eum\nfacilis quibusdam animi sint suscipit qui sint possimus cum\nquaerat magni maiores excepturi\nipsam ut commodi dolor voluptatum modi aut vitae"
  },
  {
    "userId": 1,
    "id": 9,
    "title": "nesciunt iure omnis dolorem tempora et accusantium",
    "body": "consectetur animi nesciunt iure dolore\nenim quia ad\nveniam autem ut quam aut nobis\net est aut quod aut provident voluptas autem voluptas"
  },
  {
    "userId": 1,
    "id": 10,
    "title": "optio molestias id quia eum",
    "body": "quo et expedita modi cum officia vel magni\ndoloribus qui repudiandae\nvero nisi sit\nquos veniam quod sed accusamus veritatis error"
  },
  {
    "userId": 2,
    "id": 11,
    "title": "et ea vero quia laudantium autem",
    "body": "delectus reiciendis molestiae occaecati non minima eveniet qui voluptatibus\naccusamus in eum beatae sit\nvel qui neque voluptates ut commodi qui incidunt\nut animi commodi"
  },
  {
    "userId": 2,
    "id": 12,
    "title": "in quibusdam tempore odit est dolorem",
    "body": "itaque id aut magnam\npraesentium quia et ea odit et ea voluptas et\nsapiente quia nihil amet occaecati quia id voluptatem\nincidunt ea est distinctio odio"
  },
  {
    "userId": 2,
    "id": 13,
    "title": "dolorum ut in voluptas mollitia et saepe quo animi",
    "body": "aut dicta possimus sint mollitia voluptas commodi quo doloremque\niste corrupti reiciendis voluptatem eius rerum\nsit cumque quod eligendi laborum minima\nperferendis recusandae assumenda consectetur porro architecto ipsum ipsam"
  },
  {
    "userId": 2,
    "id": 14,
    "title": "voluptatem eligendi optio",
    "body": "fuga et accusamus dolorum perferendis illo voluptas\nnon doloremque neque facere\nad qui dolorum molestiae beatae\nsed aut voluptas totam sit illum"
  },
  {
    "userId": 2,
    "id": 15,
    "title": "eveniet quod temporibus",
    "body": "reprehenderit quos placeat\nvelit minima officia dolores impedit repudiandae molestiae nam\nvoluptas recusandae quis delectus\nofficiis harum fugiat vitae"
  },
  {
    "userId": 2,
    "id": 16,
    "title": "sint suscipit perspiciatis velit dolorum rerum ipsa laboriosam odio",
    "body": "suscipit nam nisi quo aperiam aut\nasperiores eos fugit maiores voluptatibus quia\nvoluptatem quis ullam qui in alias quia est\nconsequatur magni mollitia accusamus ea nisi voluptate dicta"
  },
  {
    "userId": 2,
    "id": 17,
    "title": "fugit voluptas sed molestias voluptatem provident",
    "body": "eos voluptas et aut odit natus earum\naspernatur fuga molestiae ullam\ndeserunt ratione qui eos\nqui nihil ratione nemo velit ut aut id quo"
  },
  {
    "userId": 2,
    "id": 18,
    "title": "voluptate et itaque vero tempora molestiae",
    "body": "eveniet quo quis\nlaborum totam consequatur non dolor\nut et est repudiandae\nest voluptatem vel debitis et magnam"
  },
  {
    "userId": 2,
    "id": 19,
    "title": "adipisci placeat illum aut reiciendis qui",
    "body": "illum quis cupiditate provident sit magnam\nea sed aut omnis\nveniam maiores ullam consequatur atque\nadipisci quo iste expedita sit quos voluptas"
  },
  {
    "userId": 2,
    "id": 20,
    "title": "doloribus ad provident suscipit at",
    "body": "qui consequuntur ducimus possimus quisquam amet similique\nsuscipit porro ipsam amet\neos veritatis officiis exercitationem vel fugit aut necessitatibus totam\nomnis rerum consequatur expedita quidem cumque explicabo"
  },
  {
    "userId": 3,
    "id": 21,
    "title": "asperiores ea ipsam voluptatibus modi minima quia sint",
    "body": "repellat aliquid praesentium dolorem quo\nsed totam minus non itaque\nnihil labore molestiae sunt dolor eveniet hic recusandae veniam\ntempora et tenetur expedita sunt"
  },
  {
    "userId": 3,
    "id": 22,
    "title": "dolor sint quo a velit explicabo quia nam",
    "body": "eos qui et ipsum ipsam suscipit aut\nsed omnis non odio\nexpedita earum mollitia molestiae aut atque rem suscipit\nnam impedit esse"
  },
  {
    "userId": 3,
    "id": 23,
    "title": "maxime id vitae nihil numquam",
    "body": "veritatis unde neque eligendi\nquae quod architecto quo neque vitae\nest illo sit tempora doloremque fugit quod\net et vel beatae sequi ullam sed tenetur perspiciatis"
  },
  {
    "userId": 3,
    "id": 24,
    "title": "autem hic labore sunt dolores incidunt",
    "body": "enim et ex nulla\nomnis voluptas quia qui\nvoluptatem consequatur numquam aliquam sunt\ntotam recusandae id dignissimos aut sed asperiores deserunt"
  },
  {
    "userId": 3,
    "id": 25,
    "title": "rem alias distinctio quo quis",
    "body": "ullam consequatur ut\nomnis quis sit vel consequuntur\nipsa eligendi ipsum molestiae et omnis error nostrum\nmolestiae illo tempore quia et distinctio"
  },
  {
    "userId": 3,
    "id": 26,
    "title": "est et quae odit qui non",
    "body": "similique esse doloribus nihil accusamus\nomnis dolorem fuga consequuntur reprehenderit fugit recusandae temporibus\nperspiciatis cum ut laudantium\nomnis aut molestiae vel vero"
  },
  {
    "userId": 3,
    "id": 27,
    "title": "quasi id et eos tenetur aut quo autem",
    "body": "eum sed dolores ipsam sint possimus debitis occaecati\ndebitis qui qui et\nut placeat enim earum aut odit facilis\nconsequatur suscipit necessitatibus rerum sed inventore temporibus consequatur"
  },
  {
    "userId": 3,
    "id": 28,
    "title": "delectus ullam et corporis nulla voluptas sequi",
    "body": "non et quaerat ex quae ad maiores\nmaiores recusandae totam aut blanditiis mollitia quas illo\nut voluptatibus voluptatem\nsimilique nostrum eum"
  },
  {
    "userId": 3,
    "id": 29,
    "title": "iusto eius quod necessitatibus culpa ea",
    "body": "odit magnam ut saepe sed non qui\ntempora atque nihil\naccusamus illum doloribus illo dolor\neligendi repudiandae odit magni similique sed cum maiores"
  },
  {
    "userId": 3,
    "id": 30,
    "title": "a quo magni similique perferendis",
    "body": "alias dolor cumque\nimpedit blanditiis non eveniet odio maxime\nblanditiis amet eius quis tempora quia autem rem\na provident perspiciatis quia"
  },
  {
    "userId": 4,
    "id": 31,
    "title": "ullam ut quidem id aut vel consequuntur",
    "body": "debitis eius sed quibusdam non quis consectetur vitae\nimpedit ut qui consequatur sed aut in\nquidem sit nostrum et maiores adipisci atque\nquaerat voluptatem adipisci repudiandae"
  },
  {
    "userId": 4,
    "id": 32,
    "title": "doloremque illum aliquid sunt",
    "body": "deserunt eos nobis asperiores et hic\nest debitis repellat molestiae optio\nnihil ratione ut eos beatae quibusdam distinctio maiores\nearum voluptates et aut adipisci ea maiores voluptas maxime"
  },
  {
    "userId": 4,
    "id": 33,
    "title": "qui explicabo molestiae dolorem",
    "body": "rerum ut et numquam laborum odit est sit\nid qui sint in\nquasi tenetur tempore aperiam et quaerat qui in\nrerum officiis sequi cumque quod"
  },
  {
    "userId": 4,
    "id": 34,
    "title": "magnam ut rerum iure",
    "body": "ea velit perferendis earum ut voluptatem voluptate itaque iusto\ntotam pariatur in\nnemo voluptatem voluptatem autem magni tempora minima in\nest distinctio qui assumenda accusamus dignissimos officia nesciunt nobis"
  },
  {
    "userId": 4,
    "id": 35,
    "title": "id nihil consequatur molestias animi provident",
    "body": "nisi error delectus possimus ut eligendi vitae\nplaceat eos harum cupiditate facilis reprehenderit voluptatem beatae\nmodi ducimus quo illum voluptas eligendi\net nobis quia fugit"
  },
  {
    "userId": 4,
    "id": 36,
    "title": "fuga nam accusamus voluptas reiciendis itaque",
    "body": "ad mollitia et omnis minus architecto odit\nvoluptas doloremque maxime aut non ipsa qui alias veniam\nblanditiis culpa aut quia nihil cumque facere et occaecati\nqui aspernatur quia eaque ut aperiam inventore"
  },
  {
    "userId": 4,
    "id": 37,
    "title": "provident vel ut sit ratione est... (set the log level to DEBUG or TRACE to see the full content) 
 </msg>
<msg timestamp="20210205 12:52:07.935" level="INFO">${response} = &lt;Response [200]&gt;</msg>
<status status="PASS" starttime="20210205 12:52:07.846" endtime="20210205 12:52:07.935"></status>
</kw>
<msg timestamp="20210205 12:52:07.936" level="INFO">${response} = &lt;Response [200]&gt;</msg>
<status status="PASS" starttime="20210205 12:52:07.844" endtime="20210205 12:52:07.936"></status>
</kw>
<kw name="VALIDATE RESPONSE SCHEMA" library="PostsHelper">
<arguments>
<arg>${response}</arg>
<arg>All</arg>
</arguments>
<kw name="Run Keyword If" library="BuiltIn">
<doc>Runs the given keyword with the given arguments, if ``condition`` is true.</doc>
<arguments>
<arg>'${responsetype}' == 'All'</arg>
<arg>Validate Json</arg>
<arg>GET_Posts.schema.json</arg>
<arg>${response.json()}</arg>
<arg>ELSE IF</arg>
<arg>'${responsetype}' == 'Single'</arg>
<arg>Validate Json</arg>
<arg>GET_Single_Posts.schema.json</arg>
<arg>${response.json()}</arg>
<arg>ELSE IF</arg>
<arg>'${responsetype}' == 'Empty'</arg>
<arg>Validate Json</arg>
<arg>Empty.schema.json</arg>
<arg>${response.json()}</arg>
</arguments>
<kw name="Validate Json" library="JSONSchemaLibrary">
<doc>Validates the sample JSON against the given schema.</doc>
<arguments>
<arg>GET_Posts.schema.json</arg>
<arg>${response.json()}</arg>
</arguments>
<status status="PASS" starttime="20210205 12:52:07.940" endtime="20210205 12:52:07.952"></status>
</kw>
<status status="PASS" starttime="20210205 12:52:07.938" endtime="20210205 12:52:07.953"></status>
</kw>
<status status="PASS" starttime="20210205 12:52:07.937" endtime="20210205 12:52:07.953"></status>
</kw>
<kw name="VALIDATE STATUS CODE" library="PostsHelper">
<arguments>
<arg>200</arg>
<arg>${response.status_code}</arg>
</arguments>
<kw name="Should Be Equal As Strings" library="BuiltIn">
<doc>Fails if objects are unequal after converting them to strings.</doc>
<arguments>
<arg>${statuscode}</arg>
<arg>${value}</arg>
</arguments>
<msg timestamp="20210205 12:52:07.955" level="INFO">Argument types are:
&lt;class 'int'&gt;
&lt;type 'unicode'&gt;</msg>
<status status="PASS" starttime="20210205 12:52:07.955" endtime="20210205 12:52:07.955"></status>
</kw>
<status status="PASS" starttime="20210205 12:52:07.954" endtime="20210205 12:52:07.955"></status>
</kw>
<kw name="VALIDATE RESPONSE SIZE" library="PostsHelper">
<arguments>
<arg>${allpostcnt}</arg>
<arg>${response}</arg>
</arguments>
<kw name="Create List" library="BuiltIn">
<doc>Returns a list containing given items.</doc>
<assign>
<var>@{idlist}</var>
</assign>
<msg timestamp="20210205 12:52:07.957" level="INFO">@{idlist} = [ ]</msg>
<status status="PASS" starttime="20210205 12:52:07.957" endtime="20210205 12:52:07.958"></status>
</kw>
<kw name="${item} IN [ @{response.json()} ]" type="for">
<kw name="${item} = {'userId': 1, 'id': 1, 'title': 'sunt aut facere repellat provident occaecati excepturi optio reprehenderit', 'body': 'quia et suscipit\nsuscipit recusandae consequuntur expedita et cum\nreprehenderit..." type="foritem">
<kw name="Append To List" library="Collections">
<doc>Adds ``values`` to the end of ``list``.</doc>
<arguments>
<arg>${idlist}</arg>
<arg>${item['id']}</arg>
</arguments>
<status status="PASS" starttime="20210205 12:52:07.958" endtime="20210205 12:52:07.959"></status>
</kw>
<status status="PASS" starttime="20210205 12:52:07.958" endtime="20210205 12:52:07.959"></status>
</kw>
<kw name="${item} = {'userId': 1, 'id': 2, 'title': 'qui est esse', 'body': 'est rerum tempore vitae\nsequi sint nihil reprehenderit dolor beatae ea dolores neque\nfugiat blanditiis voluptate porro vel nihil molestiae ut..." type="foritem">
<kw name="Append To List" library="Collections">
<doc>Adds ``values`` to the end of ``list``.</doc>
<arguments>
<arg>${idlist}</arg>
<arg>${item['id']}</arg>
</arguments>
<status status="PASS" starttime="20210205 12:52:07.959" endtime="20210205 12:52:07.959"></status>
</kw>
<status status="PASS" starttime="20210205 12:52:07.959" endtime="20210205 12:52:07.959"></status>
</kw>
<kw name="${item} = {'userId': 1, 'id': 3, 'title': 'ea molestias quasi exercitationem repellat qui ipsa sit aut', 'body': 'et iusto sed quo iure\nvoluptatem occaecati omnis eligendi aut ad\nvoluptatem doloribus vel accu..." type="foritem">
<kw name="Append To List" library="Collections">
<doc>Adds ``values`` to the end of ``list``.</doc>
<arguments>
<arg>${idlist}</arg>
<arg>${item['id']}</arg>
</arguments>
<status status="PASS" starttime="20210205 12:52:07.960" endtime="20210205 12:52:07.960"></status>
</kw>
<status status="PASS" starttime="20210205 12:52:07.960" endtime="20210205 12:52:07.960"></status>
</kw>
<kw name="${item} = {'userId': 1, 'id': 4, 'title': 'eum et est occaecati', 'body': 'ullam et saepe reiciendis voluptatem adipisci\nsit amet autem assumenda provident rerum culpa\nquis hic commodi nesciunt rem tenetur do..." type="foritem">
<kw name="Append To List" library="Collections">
<doc>Adds ``values`` to the end of ``list``.</doc>
<arguments>
<arg>${idlist}</arg>
<arg>${item['id']}</arg>
</arguments>
<status status="PASS" starttime="20210205 12:52:07.960" endtime="20210205 12:52:07.961"></status>
</kw>
<status status="PASS" starttime="20210205 12:52:07.960" endtime="20210205 12:52:07.961"></status>
</kw>
<kw name="${item} = {'userId': 1, 'id': 5, 'title': 'nesciunt quas odio', 'body': 'repudiandae veniam quaerat sunt sed\nalias aut fugiat sit autem sed est\nvoluptatem omnis possimus esse voluptatibus quis\nest aut tenetu..." type="foritem">
<kw name="Append To List" library="Collections">
<doc>Adds ``values`` to the end of ``list``.</doc>
<arguments>
<arg>${idlist}</arg>
<arg>${item['id']}</arg>
</arguments>
<status status="PASS" starttime="20210205 12:52:07.961" endtime="20210205 12:52:07.961"></status>
</kw>
<status status="PASS" starttime="20210205 12:52:07.961" endtime="20210205 12:52:07.961"></status>
</kw>
<kw name="${item} = {'userId': 1, 'id': 6, 'title': 'dolorem eum magni eos aperiam quia', 'body': 'ut aspernatur corporis harum nihil quis provident sequi\nmollitia nobis aliquid molestiae\nperspiciatis et ea nemo ab rep..." type="foritem">
<kw name="Append To List" library="Collections">
<doc>Adds ``values`` to the end of ``list``.</doc>
<arguments>
<arg>${idlist}</arg>
<arg>${item['id']}</arg>
</arguments>
<status status="PASS" starttime="20210205 12:52:07.961" endtime="20210205 12:52:07.962"></status>
</kw>
<status status="PASS" starttime="20210205 12:52:07.961" endtime="20210205 12:52:07.962"></status>
</kw>
<kw name="${item} = {'userId': 1, 'id': 7, 'title': 'magnam facilis autem', 'body': 'dolore placeat quibusdam ea quo vitae\nmagni quis enim qui quis quo nemo aut saepe\nquidem repellat excepturi ut quia\nsunt ut sequi eo..." type="foritem">
<kw name="Append To List" library="Collections">
<doc>Adds ``values`` to the end of ``list``.</doc>
<arguments>
<arg>${idlist}</arg>
<arg>${item['id']}</arg>
</arguments>
<status status="PASS" starttime="20210205 12:52:07.962" endtime="20210205 12:52:07.963"></status>
</kw>
<status status="PASS" starttime="20210205 12:52:07.962" endtime="20210205 12:52:07.963"></status>
</kw>
<kw name="${item} = {'userId': 1, 'id': 8, 'title': 'dolorem dolore est ipsam', 'body': 'dignissimos aperiam dolorem qui eum\nfacilis quibusdam animi sint suscipit qui sint possimus cum\nquaerat magni maiores excepturi\n..." type="foritem">
<kw name="Append To List" library="Collections">
<doc>Adds ``values`` to the end of ``list``.</doc>
<arguments>
<arg>${idlist}</arg>
<arg>${item['id']}</arg>
</arguments>
<status status="PASS" starttime="20210205 12:52:07.963" endtime="20210205 12:52:07.964"></status>
</kw>
<status status="PASS" starttime="20210205 12:52:07.963" endtime="20210205 12:52:07.964"></status>
</kw>
<kw name="${item} = {'userId': 1, 'id': 9, 'title': 'nesciunt iure omnis dolorem tempora et accusantium', 'body': 'consectetur animi nesciunt iure dolore\nenim quia ad\nveniam autem ut quam aut nobis\net est aut quod aut..." type="foritem">
<kw name="Append To List" library="Collections">
<doc>Adds ``values`` to the end of ``list``.</doc>
<arguments>
<arg>${idlist}</arg>
<arg>${item['id']}</arg>
</arguments>
<status status="PASS" starttime="20210205 12:52:07.965" endtime="20210205 12:52:07.966"></status>
</kw>
<status status="PASS" starttime="20210205 12:52:07.965" endtime="20210205 12:52:07.966"></status>
</kw>
<kw name="${item} = {'userId': 1, 'id': 10, 'title': 'optio molestias id quia eum', 'body': 'quo et expedita modi cum officia vel magni\ndoloribus qui repudiandae\nvero nisi sit\nquos veniam quod sed accusamus veritatis ..." type="foritem">
<kw name="Append To List" library="Collections">
<doc>Adds ``values`` to the end of ``list``.</doc>
<arguments>
<arg>${idlist}</arg>
<arg>${item['id']}</arg>
</arguments>
<status status="PASS" starttime="20210205 12:52:07.967" endtime="20210205 12:52:07.967"></status>
</kw>
<status status="PASS" starttime="20210205 12:52:07.967" endtime="20210205 12:52:07.967"></status>
</kw>
<kw name="${item} = {'userId': 2, 'id': 11, 'title': 'et ea vero quia laudantium autem', 'body': 'delectus reiciendis molestiae occaecati non minima eveniet qui voluptatibus\naccusamus in eum beatae sit\nvel qui neque vo..." type="foritem">
<kw name="Append To List" library="Collections">
<doc>Adds ``values`` to the end of ``list``.</doc>
<arguments>
<arg>${idlist}</arg>
<arg>${item['id']}</arg>
</arguments>
<status status="PASS" starttime="20210205 12:52:07.968" endtime="20210205 12:52:07.969"></status>
</kw>
<status status="PASS" starttime="20210205 12:52:07.968" endtime="20210205 12:52:07.969"></status>
</kw>
<kw name="${item} = {'userId': 2, 'id': 12, 'title': 'in quibusdam tempore odit est dolorem', 'body': 'itaque id aut magnam\npraesentium quia et ea odit et ea voluptas et\nsapiente quia nihil amet occaecati quia id volup..." type="foritem">
<kw name="Append To List" library="Collections">
<doc>Adds ``values`` to the end of ``list``.</doc>
<arguments>
<arg>${idlist}</arg>
<arg>${item['id']}</arg>
</arguments>
<status status="PASS" starttime="20210205 12:52:07.969" endtime="20210205 12:52:07.970"></status>
</kw>
<status status="PASS" starttime="20210205 12:52:07.969" endtime="20210205 12:52:07.971"></status>
</kw>
<kw name="${item} = {'userId': 2, 'id': 13, 'title': 'dolorum ut in voluptas mollitia et saepe quo animi', 'body': 'aut dicta possimus sint mollitia voluptas commodi quo doloremque\niste corrupti reiciendis voluptatem ei..." type="foritem">
<kw name="Append To List" library="Collections">
<doc>Adds ``values`` to the end of ``list``.</doc>
<arguments>
<arg>${idlist}</arg>
<arg>${item['id']}</arg>
</arguments>
<status status="PASS" starttime="20210205 12:52:07.971" endtime="20210205 12:52:07.972"></status>
</kw>
<status status="PASS" starttime="20210205 12:52:07.971" endtime="20210205 12:52:07.972"></status>
</kw>
<kw name="${item} = {'userId': 2, 'id': 14, 'title': 'voluptatem eligendi optio', 'body': 'fuga et accusamus dolorum perferendis illo voluptas\nnon doloremque neque facere\nad qui dolorum molestiae beatae\nsed aut volupt..." type="foritem">
<kw name="Append To List" library="Collections">
<doc>Adds ``values`` to the end of ``list``.</doc>
<arguments>
<arg>${idlist}</arg>
<arg>${item['id']}</arg>
</arguments>
<status status="PASS" starttime="20210205 12:52:07.973" endtime="20210205 12:52:07.974"></status>
</kw>
<status status="PASS" starttime="20210205 12:52:07.973" endtime="20210205 12:52:07.974"></status>
</kw>
<kw name="${item} = {'userId': 2, 'id': 15, 'title': 'eveniet quod temporibus', 'body': 'reprehenderit quos placeat\nvelit minima officia dolores impedit repudiandae molestiae nam\nvoluptas recusandae quis delectus\noffi..." type="foritem">
<kw name="Append To List" library="Collections">
<doc>Adds ``values`` to the end of ``list``.</doc>
<arguments>
<arg>${idlist}</arg>
<arg>${item['id']}</arg>
</arguments>
<status status="PASS" starttime="20210205 12:52:07.974" endtime="20210205 12:52:07.975"></status>
</kw>
<status status="PASS" starttime="20210205 12:52:07.974" endtime="20210205 12:52:07.975"></status>
</kw>
<kw name="${item} = {'userId': 2, 'id': 16, 'title': 'sint suscipit perspiciatis velit dolorum rerum ipsa laboriosam odio', 'body': 'suscipit nam nisi quo aperiam aut\nasperiores eos fugit maiores voluptatibus quia\nvolu..." type="foritem">
<kw name="Append To List" library="Collections">
<doc>Adds ``values`` to the end of ``list``.</doc>
<arguments>
<arg>${idlist}</arg>
<arg>${item['id']}</arg>
</arguments>
<status status="PASS" starttime="20210205 12:52:07.975" endtime="20210205 12:52:07.976"></status>
</kw>
<status status="PASS" starttime="20210205 12:52:07.975" endtime="20210205 12:52:07.976"></status>
</kw>
<kw name="${item} = {'userId': 2, 'id': 17, 'title': 'fugit voluptas sed molestias voluptatem provident', 'body': 'eos voluptas et aut odit natus earum\naspernatur fuga molestiae ullam\ndeserunt ratione qui eos\nqui nihi..." type="foritem">
<kw name="Append To List" library="Collections">
<doc>Adds ``values`` to the end of ``list``.</doc>
<arguments>
<arg>${idlist}</arg>
<arg>${item['id']}</arg>
</arguments>
<status status="PASS" starttime="20210205 12:52:07.977" endtime="20210205 12:52:07.977"></status>
</kw>
<status status="PASS" starttime="20210205 12:52:07.976" endtime="20210205 12:52:07.977"></status>
</kw>
<kw name="${item} = {'userId': 2, 'id': 18, 'title': 'voluptate et itaque vero tempora molestiae', 'body': 'eveniet quo quis\nlaborum totam consequatur non dolor\nut et est repudiandae\nest voluptatem vel debitis et magn..." type="foritem">
<kw name="Append To List" library="Collections">
<doc>Adds ``values`` to the end of ``list``.</doc>
<arguments>
<arg>${idlist}</arg>
<arg>${item['id']}</arg>
</arguments>
<status status="PASS" starttime="20210205 12:52:07.978" endtime="20210205 12:52:07.978"></status>
</kw>
<status status="PASS" starttime="20210205 12:52:07.977" endtime="20210205 12:52:07.978"></status>
</kw>
<kw name="${item} = {'userId': 2, 'id': 19, 'title': 'adipisci placeat illum aut reiciendis qui', 'body': 'illum quis cupiditate provident sit magnam\nea sed aut omnis\nveniam maiores ullam consequatur atque\nadipisci qu..." type="foritem">
<kw name="Append To List" library="Collections">
<doc>Adds ``values`` to the end of ``list``.</doc>
<arguments>
<arg>${idlist}</arg>
<arg>${item['id']}</arg>
</arguments>
<status status="PASS" starttime="20210205 12:52:07.979" endtime="20210205 12:52:07.980"></status>
</kw>
<status status="PASS" starttime="20210205 12:52:07.979" endtime="20210205 12:52:07.980"></status>
</kw>
<kw name="${item} = {'userId': 2, 'id': 20, 'title': 'doloribus ad provident suscipit at', 'body': 'qui consequuntur ducimus possimus quisquam amet similique\nsuscipit porro ipsam amet\neos veritatis officiis exercitatio..." type="foritem">
<kw name="Append To List" library="Collections">
<doc>Adds ``values`` to the end of ``list``.</doc>
<arguments>
<arg>${idlist}</arg>
<arg>${item['id']}</arg>
</arguments>
<status status="PASS" starttime="20210205 12:52:07.981" endtime="20210205 12:52:07.983"></status>
</kw>
<status status="PASS" starttime="20210205 12:52:07.980" endtime="20210205 12:52:07.983"></status>
</kw>
<kw name="${item} = {'userId': 3, 'id': 21, 'title': 'asperiores ea ipsam voluptatibus modi minima quia sint', 'body': 'repellat aliquid praesentium dolorem quo\nsed totam minus non itaque\nnihil labore molestiae sunt do..." type="foritem">
<kw name="Append To List" library="Collections">
<doc>Adds ``values`` to the end of ``list``.</doc>
<arguments>
<arg>${idlist}</arg>
<arg>${item['id']}</arg>
</arguments>
<status status="PASS" starttime="20210205 12:52:07.984" endtime="20210205 12:52:07.985"></status>
</kw>
<status status="PASS" starttime="20210205 12:52:07.984" endtime="20210205 12:52:07.986"></status>
</kw>
<kw name="${item} = {'userId': 3, 'id': 22, 'title': 'dolor sint quo a velit explicabo quia nam', 'body': 'eos qui et ipsum ipsam suscipit aut\nsed omnis non odio\nexpedita earum mollitia molestiae aut atque rem suscipit..." type="foritem">
<kw name="Append To List" library="Collections">
<doc>Adds ``values`` to the end of ``list``.</doc>
<arguments>
<arg>${idlist}</arg>
<arg>${item['id']}</arg>
</arguments>
<status status="PASS" starttime="20210205 12:52:07.986" endtime="20210205 12:52:07.988"></status>
</kw>
<status status="PASS" starttime="20210205 12:52:07.986" endtime="20210205 12:52:07.988"></status>
</kw>
<kw name="${item} = {'userId': 3, 'id': 23, 'title': 'maxime id vitae nihil numquam', 'body': 'veritatis unde neque eligendi\nquae quod architecto quo neque vitae\nest illo sit tempora doloremque fugit quod\net et vel be..." type="foritem">
<kw name="Append To List" library="Collections">
<doc>Adds ``values`` to the end of ``list``.</doc>
<arguments>
<arg>${idlist}</arg>
<arg>${item['id']}</arg>
</arguments>
<status status="PASS" starttime="20210205 12:52:07.989" endtime="20210205 12:52:07.990"></status>
</kw>
<status status="PASS" starttime="20210205 12:52:07.988" endtime="20210205 12:52:07.990"></status>
</kw>
<kw name="${item} = {'userId': 3, 'id': 24, 'title': 'autem hic labore sunt dolores incidunt', 'body': 'enim et ex nulla\nomnis voluptas quia qui\nvoluptatem consequatur numquam aliquam sunt\ntotam recusandae id dignissi..." type="foritem">
<kw name="Append To List" library="Collections">
<doc>Adds ``values`` to the end of ``list``.</doc>
<arguments>
<arg>${idlist}</arg>
<arg>${item['id']}</arg>
</arguments>
<status status="PASS" starttime="20210205 12:52:07.991" endtime="20210205 12:52:07.992"></status>
</kw>
<status status="PASS" starttime="20210205 12:52:07.990" endtime="20210205 12:52:07.992"></status>
</kw>
<kw name="${item} = {'userId': 3, 'id': 25, 'title': 'rem alias distinctio quo quis', 'body': 'ullam consequatur ut\nomnis quis sit vel consequuntur\nipsa eligendi ipsum molestiae et omnis error nostrum\nmolestiae illo t..." type="foritem">
<kw name="Append To List" library="Collections">
<doc>Adds ``values`` to the end of ``list``.</doc>
<arguments>
<arg>${idlist}</arg>
<arg>${item['id']}</arg>
</arguments>
<status status="PASS" starttime="20210205 12:52:07.993" endtime="20210205 12:52:07.994"></status>
</kw>
<status status="PASS" starttime="20210205 12:52:07.993" endtime="20210205 12:52:07.994"></status>
</kw>
<kw name="${item} = {'userId': 3, 'id': 26, 'title': 'est et quae odit qui non', 'body': 'similique esse doloribus nihil accusamus\nomnis dolorem fuga consequuntur reprehenderit fugit recusandae temporibus\nperspiciatis ..." type="foritem">
<kw name="Append To List" library="Collections">
<doc>Adds ``values`` to the end of ``list``.</doc>
<arguments>
<arg>${idlist}</arg>
<arg>${item['id']}</arg>
</arguments>
<status status="PASS" starttime="20210205 12:52:07.995" endtime="20210205 12:52:07.997"></status>
</kw>
<status status="PASS" starttime="20210205 12:52:07.995" endtime="20210205 12:52:07.997"></status>
</kw>
<kw name="${item} = {'userId': 3, 'id': 27, 'title': 'quasi id et eos tenetur aut quo autem', 'body': 'eum sed dolores ipsam sint possimus debitis occaecati\ndebitis qui qui et\nut placeat enim earum aut odit facilis\nco..." type="foritem">
<kw name="Append To List" library="Collections">
<doc>Adds ``values`` to the end of ``list``.</doc>
<arguments>
<arg>${idlist}</arg>
<arg>${item['id']}</arg>
</arguments>
<status status="PASS" starttime="20210205 12:52:07.998" endtime="20210205 12:52:07.999"></status>
</kw>
<status status="PASS" starttime="20210205 12:52:07.998" endtime="20210205 12:52:07.999"></status>
</kw>
<kw name="${item} = {'userId': 3, 'id': 28, 'title': 'delectus ullam et corporis nulla voluptas sequi', 'body': 'non et quaerat ex quae ad maiores\nmaiores recusandae totam aut blanditiis mollitia quas illo\nut voluptati..." type="foritem">
<kw name="Append To List" library="Collections">
<doc>Adds ``values`` to the end of ``list``.</doc>
<arguments>
<arg>${idlist}</arg>
<arg>${item['id']}</arg>
</arguments>
<status status="PASS" starttime="20210205 12:52:07.999" endtime="20210205 12:52:08.000"></status>
</kw>
<status status="PASS" starttime="20210205 12:52:07.999" endtime="20210205 12:52:08.000"></status>
</kw>
<kw name="${item} = {'userId': 3, 'id': 29, 'title': 'iusto eius quod necessitatibus culpa ea', 'body': 'odit magnam ut saepe sed non qui\ntempora atque nihil\naccusamus illum doloribus illo dolor\neligendi repudiandae o..." type="foritem">
<kw name="Append To List" library="Collections">
<doc>Adds ``values`` to the end of ``list``.</doc>
<arguments>
<arg>${idlist}</arg>
<arg>${item['id']}</arg>
</arguments>
<status status="PASS" starttime="20210205 12:52:08.000" endtime="20210205 12:52:08.001"></status>
</kw>
<status status="PASS" starttime="20210205 12:52:08.000" endtime="20210205 12:52:08.001"></status>
</kw>
<kw name="${item} = {'userId': 3, 'id': 30, 'title': 'a quo magni similique perferendis', 'body': 'alias dolor cumque\nimpedit blanditiis non eveniet odio maxime\nblanditiis amet eius quis tempora quia autem rem\na provi..." type="foritem">
<kw name="Append To List" library="Collections">
<doc>Adds ``values`` to the end of ``list``.</doc>
<arguments>
<arg>${idlist}</arg>
<arg>${item['id']}</arg>
</arguments>
<status status="PASS" starttime="20210205 12:52:08.001" endtime="20210205 12:52:08.001"></status>
</kw>
<status status="PASS" starttime="20210205 12:52:08.001" endtime="20210205 12:52:08.001"></status>
</kw>
<kw name="${item} = {'userId': 4, 'id': 31, 'title': 'ullam ut quidem id aut vel consequuntur', 'body': 'debitis eius sed quibusdam non quis consectetur vitae\nimpedit ut qui consequatur sed aut in\nquidem sit nostrum et..." type="foritem">
<kw name="Append To List" library="Collections">
<doc>Adds ``values`` to the end of ``list``.</doc>
<arguments>
<arg>${idlist}</arg>
<arg>${item['id']}</arg>
</arguments>
<status status="PASS" starttime="20210205 12:52:08.001" endtime="20210205 12:52:08.003"></status>
</kw>
<status status="PASS" starttime="20210205 12:52:08.001" endtime="20210205 12:52:08.003"></status>
</kw>
<kw name="${item} = {'userId': 4, 'id': 32, 'title': 'doloremque illum aliquid sunt', 'body': 'deserunt eos nobis asperiores et hic\nest debitis repellat molestiae optio\nnihil ratione ut eos beatae quibusdam distinctio ..." type="foritem">
<kw name="Append To List" library="Collections">
<doc>Adds ``values`` to the end of ``list``.</doc>
<arguments>
<arg>${idlist}</arg>
<arg>${item['id']}</arg>
</arguments>
<status status="PASS" starttime="20210205 12:52:08.004" endtime="20210205 12:52:08.004"></status>
</kw>
<status status="PASS" starttime="20210205 12:52:08.003" endtime="20210205 12:52:08.004"></status>
</kw>
<kw name="${item} = {'userId': 4, 'id': 33, 'title': 'qui explicabo molestiae dolorem', 'body': 'rerum ut et numquam laborum odit est sit\nid qui sint in\nquasi tenetur tempore aperiam et quaerat qui in\nrerum officiis s..." type="foritem">
<kw name="Append To List" library="Collections">
<doc>Adds ``values`` to the end of ``list``.</doc>
<arguments>
<arg>${idlist}</arg>
<arg>${item['id']}</arg>
</arguments>
<status status="PASS" starttime="20210205 12:52:08.004" endtime="20210205 12:52:08.005"></status>
</kw>
<status status="PASS" starttime="20210205 12:52:08.004" endtime="20210205 12:52:08.005"></status>
</kw>
<kw name="${item} = {'userId': 4, 'id': 34, 'title': 'magnam ut rerum iure', 'body': 'ea velit perferendis earum ut voluptatem voluptate itaque iusto\ntotam pariatur in\nnemo voluptatem voluptatem autem magni tempora min..." type="foritem">
<kw name="Append To List" library="Collections">
<doc>Adds ``values`` to the end of ``list``.</doc>
<arguments>
<arg>${idlist}</arg>
<arg>${item['id']}</arg>
</arguments>
<status status="PASS" starttime="20210205 12:52:08.005" endtime="20210205 12:52:08.005"></status>
</kw>
<status status="PASS" starttime="20210205 12:52:08.005" endtime="20210205 12:52:08.005"></status>
</kw>
<kw name="${item} = {'userId': 4, 'id': 35, 'title': 'id nihil consequatur molestias animi provident', 'body': 'nisi error delectus possimus ut eligendi vitae\nplaceat eos harum cupiditate facilis reprehenderit voluptate..." type="foritem">
<kw name="Append To List" library="Collections">
<doc>Adds ``values`` to the end of ``list``.</doc>
<arguments>
<arg>${idlist}</arg>
<arg>${item['id']}</arg>
</arguments>
<status status="PASS" starttime="20210205 12:52:08.005" endtime="20210205 12:52:08.006"></status>
</kw>
<status status="PASS" starttime="20210205 12:52:08.005" endtime="20210205 12:52:08.006"></status>
</kw>
<kw name="${item} = {'userId': 4, 'id': 36, 'title': 'fuga nam accusamus voluptas reiciendis itaque', 'body': 'ad mollitia et omnis minus architecto odit\nvoluptas doloremque maxime aut non ipsa qui alias veniam\nblandit..." type="foritem">
<kw name="Append To List" library="Collections">
<doc>Adds ``values`` to the end of ``list``.</doc>
<arguments>
<arg>${idlist}</arg>
<arg>${item['id']}</arg>
</arguments>
<status status="PASS" starttime="20210205 12:52:08.006" endtime="20210205 12:52:08.007"></status>
</kw>
<status status="PASS" starttime="20210205 12:52:08.006" endtime="20210205 12:52:08.007"></status>
</kw>
<kw name="${item} = {'userId': 4, 'id': 37, 'title': 'provident vel ut sit ratione est', 'body': 'debitis et eaque non officia sed nesciunt pariatur vel\nvoluptatem iste vero et ea\nnumquam aut expedita ipsum nulla in\nv..." type="foritem">
<kw name="Append To List" library="Collections">
<doc>Adds ``values`` to the end of ``list``.</doc>
<arguments>
<arg>${idlist}</arg>
<arg>${item['id']}</arg>
</arguments>
<status status="PASS" starttime="20210205 12:52:08.007" endtime="20210205 12:52:08.007"></status>
</kw>
<status status="PASS" starttime="20210205 12:52:08.007" endtime="20210205 12:52:08.007"></status>
</kw>
<kw name="${item} = {'userId': 4, 'id': 38, 'title': 'explicabo et eos deleniti nostrum ab id repellendus', 'body': 'animi esse sit aut sit nesciunt assumenda eum voluptas\nquia voluptatibus provident quia necessitatibus..." type="foritem">
<kw name="Append To List" library="Collections">
<doc>Adds ``values`` to the end of ``list``.</doc>
<arguments>
<arg>${idlist}</arg>
<arg>${item['id']}</arg>
</arguments>
<status status="PASS" starttime="20210205 12:52:08.008" endtime="20210205 12:52:08.008"></status>
</kw>
<status status="PASS" starttime="20210205 12:52:08.007" endtime="20210205 12:52:08.008"></status>
</kw>
<kw name="${item} = {'userId': 4, 'id': 39, 'title': 'eos dolorem iste accusantium est eaque quam', 'body': 'corporis rerum ducimus vel eum accusantium\nmaxime aspernatur a porro possimus iste omnis\nest in deleniti aspe..." type="foritem">
<kw name="Append To List" library="Collections">
<doc>Adds ``values`` to the end of ``list``.</doc>
<arguments>
<arg>${idlist}</arg>
<arg>${item['id']}</arg>
</arguments>
<status status="PASS" starttime="20210205 12:52:08.008" endtime="20210205 12:52:08.008"></status>
</kw>
<status status="PASS" starttime="20210205 12:52:08.008" endtime="20210205 12:52:08.008"></status>
</kw>
<kw name="${item} = {'userId': 4, 'id': 40, 'title': 'enim quo cumque', 'body': 'ut voluptatum aliquid illo tenetur nemo sequi quo facilis\nipsum rem optio mollitia quas\nvoluptatem eum voluptas qui\nunde omnis voluptate..." type="foritem">
<kw name="Append To List" library="Collections">
<doc>Adds ``values`` to the end of ``list``.</doc>
<arguments>
<arg>${idlist}</arg>
<arg>${item['id']}</arg>
</arguments>
<status status="PASS" starttime="20210205 12:52:08.009" endtime="20210205 12:52:08.009"></status>
</kw>
<status status="PASS" starttime="20210205 12:52:08.009" endtime="20210205 12:52:08.009"></status>
</kw>
<kw name="${item} = {'userId': 5, 'id': 41, 'title': 'non est facere', 'body': 'molestias id nostrum\nexcepturi molestiae dolore omnis repellendus quaerat saepe\nconsectetur iste quaerat tenetur asperiores accusamus ex u..." type="foritem">
<kw name="Append To List" library="Collections">
<doc>Adds ``values`` to the end of ``list``.</doc>
<arguments>
<arg>${idlist}</arg>
<arg>${item['id']}</arg>
</arguments>
<status status="PASS" starttime="20210205 12:52:08.009" endtime="20210205 12:52:08.010"></status>
</kw>
<status status="PASS" starttime="20210205 12:52:08.009" endtime="20210205 12:52:08.010"></status>
</kw>
<kw name="${item} = {'userId': 5, 'id': 42, 'title': 'commodi ullam sint et excepturi error explicabo praesentium voluptas', 'body': 'odio fugit voluptatum ducimus earum autem est incidunt voluptatem\nodit reiciendis ali..." type="foritem">
<kw name="Append To List" library="Collections">
<doc>Adds ``values`` to the end of ``list``.</doc>
<arguments>
<arg>${idlist}</arg>
<arg>${item['id']}</arg>
</arguments>
<status status="PASS" starttime="20210205 12:52:08.010" endtime="20210205 12:52:08.010"></status>
</kw>
<status status="PASS" starttime="20210205 12:52:08.010" endtime="20210205 12:52:08.010"></status>
</kw>
<kw name="${item} = {'userId': 5, 'id': 43, 'title': 'eligendi iste nostrum consequuntur adipisci praesentium sit beatae perferendis', 'body': 'similique fugit est\nillum et dolorum harum et voluptate eaque quidem\nexerc..." type="foritem">
<kw name="Append To List" library="Collections">
<doc>Adds ``values`` to the end of ``list``.</doc>
<arguments>
<arg>${idlist}</arg>
<arg>${item['id']}</arg>
</arguments>
<status status="PASS" starttime="20210205 12:52:08.011" endtime="20210205 12:52:08.011"></status>
</kw>
<status status="PASS" starttime="20210205 12:52:08.010" endtime="20210205 12:52:08.011"></status>
</kw>
<kw name="${item} = {'userId': 5, 'id': 44, 'title': 'optio dolor molestias sit', 'body': 'temporibus est consectetur dolore\net libero debitis vel velit laboriosam quia\nipsum quibusdam qui itaque fuga rem aut\nea et iu..." type="foritem">
<kw name="Append To List" library="Collections">
<doc>Adds ``values`` to the end of ``list``.</doc>
<arguments>
<arg>${idlist}</arg>
<arg>${item['id']}</arg>
</arguments>
<status status="PASS" starttime="20210205 12:52:08.011" endtime="20210205 12:52:08.012"></status>
</kw>
<status status="PASS" starttime="20210205 12:52:08.011" endtime="20210205 12:52:08.012"></status>
</kw>
<kw name="${item} = {'userId': 5, 'id': 45, 'title': 'ut numquam possimus omnis eius suscipit laudantium iure', 'body': 'est natus reiciendis nihil possimus aut provident\nex et dolor\nrepellat pariatur est\nnobis rerum ..." type="foritem">
<kw name="Append To List" library="Collections">
<doc>Adds ``values`` to the end of ``list``.</doc>
<arguments>
<arg>${idlist}</arg>
<arg>${item['id']}</arg>
</arguments>
<status status="PASS" starttime="20210205 12:52:08.012" endtime="20210205 12:52:08.012"></status>
</kw>
<status status="PASS" starttime="20210205 12:52:08.012" endtime="20210205 12:52:08.012"></status>
</kw>
<kw name="${item} = {'userId': 5, 'id': 46, 'title': 'aut quo modi neque nostrum ducimus', 'body': 'voluptatem quisquam iste\nvoluptatibus natus officiis facilis dolorem\nquis quas ipsam\nvel et voluptatum in aliquid'}" type="foritem">
<kw name="Append To List" library="Collections">
<doc>Adds ``values`` to the end of ``list``.</doc>
<arguments>
<arg>${idlist}</arg>
<arg>${item['id']}</arg>
</arguments>
<status status="PASS" starttime="20210205 12:52:08.012" endtime="20210205 12:52:08.014"></status>
</kw>
<status status="PASS" starttime="20210205 12:52:08.012" endtime="20210205 12:52:08.014"></status>
</kw>
<kw name="${item} = {'userId': 5, 'id': 47, 'title': 'quibusdam cumque rem aut deserunt', 'body': 'voluptatem assumenda ut qui ut cupiditate aut impedit veniam\noccaecati nemo illum voluptatem laudantium\nmolestiae beata..." type="foritem">
<kw name="Append To List" library="Collections">
<doc>Adds ``values`` to the end of ``list``.</doc>
<arguments>
<arg>${idlist}</arg>
<arg>${item['id']}</arg>
</arguments>
<status status="PASS" starttime="20210205 12:52:08.015" endtime="20210205 12:52:08.016"></status>
</kw>
<status status="PASS" starttime="20210205 12:52:08.014" endtime="20210205 12:52:08.016"></status>
</kw>
<kw name="${item} = {'userId': 5, 'id': 48, 'title': 'ut voluptatem illum ea doloribus itaque eos', 'body': 'voluptates quo voluptatem facilis iure occaecati\nvel assumenda rerum officia et\nillum perspiciatis ab delenit..." type="foritem">
<kw name="Append To List" library="Collections">
<doc>Adds ``values`` to the end of ``list``.</doc>
<arguments>
<arg>${idlist}</arg>
<arg>${item['id']}</arg>
</arguments>
<status status="PASS" starttime="20210205 12:52:08.016" endtime="20210205 12:52:08.017"></status>
</kw>
<status status="PASS" starttime="20210205 12:52:08.016" endtime="20210205 12:52:08.017"></status>
</kw>
<kw name="${item} = {'userId': 5, 'id': 49, 'title': 'laborum non sunt aut ut assumenda perspiciatis voluptas', 'body': 'inventore ab sint\nnatus fugit id nulla sequi architecto nihil quaerat\neos tenetur in in eum verit..." type="foritem">
<kw name="Append To List" library="Collections">
<doc>Adds ``values`` to the end of ``list``.</doc>
<arguments>
<arg>${idlist}</arg>
<arg>${item['id']}</arg>
</arguments>
<status status="PASS" starttime="20210205 12:52:08.018" endtime="20210205 12:52:08.018"></status>
</kw>
<status status="PASS" starttime="20210205 12:52:08.018" endtime="20210205 12:52:08.019"></status>
</kw>
<kw name="${item} = {'userId': 5, 'id': 50, 'title': 'repellendus qui recusandae incidunt voluptates tenetur qui omnis exercitationem', 'body': 'error suscipit maxime adipisci consequuntur recusandae\nvoluptas eligendi e..." type="foritem">
<kw name="Append To List" library="Collections">
<doc>Adds ``values`` to the end of ``list``.</doc>
<arguments>
<arg>${idlist}</arg>
<arg>${item['id']}</arg>
</arguments>
<status status="PASS" starttime="20210205 12:52:08.019" endtime="20210205 12:52:08.020"></status>
</kw>
<status status="PASS" starttime="20210205 12:52:08.019" endtime="20210205 12:52:08.020"></status>
</kw>
<kw name="${item} = {'userId': 6, 'id': 51, 'title': 'soluta aliquam aperiam consequatur illo quis voluptas', 'body': 'sunt dolores aut doloribus\ndolore doloribus voluptates tempora et\ndoloremque et quo\ncum asperiores..." type="foritem">
<kw name="Append To List" library="Collections">
<doc>Adds ``values`` to the end of ``list``.</doc>
<arguments>
<arg>${idlist}</arg>
<arg>${item['id']}</arg>
</arguments>
<status status="PASS" starttime="20210205 12:52:08.020" endtime="20210205 12:52:08.021"></status>
</kw>
<status status="PASS" starttime="20210205 12:52:08.020" endtime="20210205 12:52:08.021"></status>
</kw>
<kw name="${item} = {'userId': 6, 'id': 52, 'title': 'qui enim et consequuntur quia animi quis voluptate quibusdam', 'body': 'iusto est quibusdam fuga quas quaerat molestias\na enim ut sit accusamus enim\ntemporibus iust..." type="foritem">
<kw name="Append To List" library="Collections">
<doc>Adds ``values`` to the end of ``list``.</doc>
<arguments>
<arg>${idlist}</arg>
<arg>${item['id']}</arg>
</arguments>
<status status="PASS" starttime="20210205 12:52:08.021" endtime="20210205 12:52:08.022"></status>
</kw>
<status status="PASS" starttime="20210205 12:52:08.021" endtime="20210205 12:52:08.022"></status>
</kw>
<kw name="${item} = {'userId': 6, 'id': 53, 'title': 'ut quo aut ducimus alias', 'body': 'minima harum praesentium eum rerum illo dolore\nquasi exercitationem rerum nam\nporro quis neque quo\nconsequatur minus dolor quid..." type="foritem">
<kw name="Append To List" library="Collections">
<doc>Adds ``values`` to the end of ``list``.</doc>
<arguments>
<arg>${idlist}</arg>
<arg>${item['id']}</arg>
</arguments>
<status status="PASS" starttime="20210205 12:52:08.023" endtime="20210205 12:52:08.023"></status>
</kw>
<status status="PASS" starttime="20210205 12:52:08.022" endtime="20210205 12:52:08.023"></status>
</kw>
<kw name="${item} = {'userId': 6, 'id': 54, 'title': 'sit asperiores ipsam eveniet odio non quia', 'body': 'totam corporis dignissimos\nvitae dolorem ut occaecati accusamus\nex velit deserunt\net exercitationem vero inci..." type="foritem">
<kw name="Append To List" library="Collections">
<doc>Adds ``values`` to the end of ``list``.</doc>
<arguments>
<arg>${idlist}</arg>
<arg>${item['id']}</arg>
</arguments>
<status status="PASS" starttime="20210205 12:52:08.024" endtime="20210205 12:52:08.024"></status>
</kw>
<status status="PASS" starttime="20210205 12:52:08.023" endtime="20210205 12:52:08.024"></status>
</kw>
<kw name="${item} = {'userId': 6, 'id': 55, 'title': 'sit vel voluptatem et non libero', 'body': 'debitis excepturi ea perferendis harum libero optio\neos accusamus cum fuga ut sapiente repudiandae\net ut incidunt omnis ..." type="foritem">
<kw name="Append To List" library="Collections">
<doc>Adds ``values`` to the end of ``list``.</doc>
<arguments>
<arg>${idlist}</arg>
<arg>${item['id']}</arg>
</arguments>
<status status="PASS" starttime="20210205 12:52:08.025" endtime="20210205 12:52:08.026"></status>
</kw>
<status status="PASS" starttime="20210205 12:52:08.025" endtime="20210205 12:52:08.026"></status>
</kw>
<kw name="${item} = {'userId': 6, 'id': 56, 'title': 'qui et at rerum necessitatibus', 'body': 'aut est omnis dolores\nneque rerum quod ea rerum velit pariatur beatae excepturi\net provident voluptas corrupti\ncorporis h..." type="foritem">
<kw name="Append To List" library="Collections">
<doc>Adds ``values`` to the end of ``list``.</doc>
<arguments>
<arg>${idlist}</arg>
<arg>${item['id']}</arg>
</arguments>
<status status="PASS" starttime="20210205 12:52:08.026" endtime="20210205 12:52:08.027"></status>
</kw>
<status status="PASS" starttime="20210205 12:52:08.026" endtime="20210205 12:52:08.027"></status>
</kw>
<kw name="${item} = {'userId': 6, 'id': 57, 'title': 'sed ab est est', 'body': 'at pariatur consequuntur earum quidem\nquo est laudantium soluta voluptatem\nqui ullam et est\net cum voluptas voluptatum repellat est'}" type="foritem">
<kw name="Append To List" library="Collections">
<doc>Adds ``values`` to the end of ``list``.</doc>
<arguments>
<arg>${idlist}</arg>
<arg>${item['id']}</arg>
</arguments>
<status status="PASS" starttime="20210205 12:52:08.028" endtime="20210205 12:52:08.028"></status>
</kw>
<status status="PASS" starttime="20210205 12:52:08.027" endtime="20210205 12:52:08.028"></status>
</kw>
<kw name="${item} = {'userId': 6, 'id': 58, 'title': 'voluptatum itaque dolores nisi et quasi', 'body': 'veniam voluptatum quae adipisci id\net id quia eos ad et dolorem\naliquam quo nisi sunt eos impedit error\nad simil..." type="foritem">
<kw name="Append To List" library="Collections">
<doc>Adds ``values`` to the end of ``list``.</doc>
<arguments>
<arg>${idlist}</arg>
<arg>${item['id']}</arg>
</arguments>
<status status="PASS" starttime="20210205 12:52:08.029" endtime="20210205 12:52:08.029"></status>
</kw>
<status status="PASS" starttime="20210205 12:52:08.028" endtime="20210205 12:52:08.029"></status>
</kw>
<kw name="${item} = {'userId': 6, 'id': 59, 'title': 'qui commodi dolor at maiores et quis id accusantium', 'body': 'perspiciatis et quam ea autem temporibus non voluptatibus qui\nbeatae a earum officia nesciunt dolores ..." type="foritem">
<kw name="Append To List" library="Collections">
<doc>Adds ``values`` to the end of ``list``.</doc>
<arguments>
<arg>${idlist}</arg>
<arg>${item['id']}</arg>
</arguments>
<status status="PASS" starttime="20210205 12:52:08.029" endtime="20210205 12:52:08.030"></status>
</kw>
<status status="PASS" starttime="20210205 12:52:08.029" endtime="20210205 12:52:08.030"></status>
</kw>
<kw name="${item} = {'userId': 6, 'id': 60, 'title': 'consequatur placeat omnis quisquam quia reprehenderit fugit veritatis facere', 'body': 'asperiores sunt ab assumenda cumque modi velit\nqui esse omnis\nvoluptate et f..." type="foritem">
<kw name="Append To List" library="Collections">
<doc>Adds ``values`` to the end of ``list``.</doc>
<arguments>
<arg>${idlist}</arg>
<arg>${item['id']}</arg>
</arguments>
<status status="PASS" starttime="20210205 12:52:08.031" endtime="20210205 12:52:08.032"></status>
</kw>
<status status="PASS" starttime="20210205 12:52:08.031" endtime="20210205 12:52:08.032"></status>
</kw>
<kw name="${item} = {'userId': 7, 'id': 61, 'title': 'voluptatem doloribus consectetur est ut ducimus', 'body': 'ab nemo optio odio\ndelectus tenetur corporis similique nobis repellendus rerum omnis facilis\nvero blandit..." type="foritem">
<kw name="Append To List" library="Collections">
<doc>Adds ``values`` to the end of ``list``.</doc>
<arguments>
<arg>${idlist}</arg>
<arg>${item['id']}</arg>
</arguments>
<status status="PASS" starttime="20210205 12:52:08.032" endtime="20210205 12:52:08.033"></status>
</kw>
<status status="PASS" starttime="20210205 12:52:08.032" endtime="20210205 12:52:08.033"></status>
</kw>
<kw name="${item} = {'userId': 7, 'id': 62, 'title': 'beatae enim quia vel', 'body': 'enim aspernatur illo distinctio quae praesentium\nbeatae alias amet delectus qui voluptate distinctio\nodit sint accusantium autem omn..." type="foritem">
<kw name="Append To List" library="Collections">
<doc>Adds ``values`` to the end of ``list``.</doc>
<arguments>
<arg>${idlist}</arg>
<arg>${item['id']}</arg>
</arguments>
<status status="PASS" starttime="20210205 12:52:08.034" endtime="20210205 12:52:08.034"></status>
</kw>
<status status="PASS" starttime="20210205 12:52:08.033" endtime="20210205 12:52:08.034"></status>
</kw>
<kw name="${item} = {'userId': 7, 'id': 63, 'title': 'voluptas blanditiis repellendus animi ducimus error sapiente et suscipit', 'body': 'enim adipisci aspernatur nemo\nnumquam omnis facere dolorem dolor ex quis temporib..." type="foritem">
<kw name="Append To List" library="Collections">
<doc>Adds ``values`` to the end of ``list``.</doc>
<arguments>
<arg>${idlist}</arg>
<arg>${item['id']}</arg>
</arguments>
<status status="PASS" starttime="20210205 12:52:08.035" endtime="20210205 12:52:08.036"></status>
</kw>
<status status="PASS" starttime="20210205 12:52:08.035" endtime="20210205 12:52:08.036"></status>
</kw>
<kw name="${item} = {'userId': 7, 'id': 64, 'title': 'et fugit quas eum in in aperiam quod', 'body': 'id velit blanditiis\neum ea voluptatem\nmolestiae sint occaecati est eos perspiciatis\nincidunt a error provident eaqu..." type="foritem">
<kw name="Append To List" library="Collections">
<doc>Adds ``values`` to the end of ``list``.</doc>
<arguments>
<arg>${idlist}</arg>
<arg>${item['id']}</arg>
</arguments>
<status status="PASS" starttime="20210205 12:52:08.036" endtime="20210205 12:52:08.037"></status>
</kw>
<status status="PASS" starttime="20210205 12:52:08.036" endtime="20210205 12:52:08.037"></status>
</kw>
<kw name="${item} = {'userId': 7, 'id': 65, 'title': 'consequatur id enim sunt et et', 'body': 'voluptatibus ex esse\nsint explicabo est aliquid cumque adipisci fuga repellat labore\nmolestiae corrupti ex saepe at asperi..." type="foritem">
<kw name="Append To List" library="Collections">
<doc>Adds ``values`` to the end of ``list``.</doc>
<arguments>
<arg>${idlist}</arg>
<arg>${item['id']}</arg>
</arguments>
<status status="PASS" starttime="20210205 12:52:08.037" endtime="20210205 12:52:08.038"></status>
</kw>
<status status="PASS" starttime="20210205 12:52:08.037" endtime="20210205 12:52:08.038"></status>
</kw>
<kw name="${item} = {'userId': 7, 'id': 66, 'title': 'repudiandae ea animi iusto', 'body': 'officia veritatis tenetur vero qui itaque\nsint non ratione\nsed et ut asperiores iusto eos molestiae nostrum\nveritatis quibusd..." type="foritem">
<kw name="Append To List" library="Collections">
<doc>Adds ``values`` to the end of ``list``.</doc>
<arguments>
<arg>${idlist}</arg>
<arg>${item['id']}</arg>
</arguments>
<status status="PASS" starttime="20210205 12:52:08.038" endtime="20210205 12:52:08.039"></status>
</kw>
<status status="PASS" starttime="20210205 12:52:08.038" endtime="20210205 12:52:08.039"></status>
</kw>
<kw name="${item} = {'userId': 7, 'id': 67, 'title': 'aliquid eos sed fuga est maxime repellendus', 'body': 'reprehenderit id nostrum\nvoluptas doloremque pariatur sint et accusantium quia quod aspernatur\net fugiat amet..." type="foritem">
<kw name="Append To List" library="Collections">
<doc>Adds ``values`` to the end of ``list``.</doc>
<arguments>
<arg>${idlist}</arg>
<arg>${item['id']}</arg>
</arguments>
<status status="PASS" starttime="20210205 12:52:08.040" endtime="20210205 12:52:08.040"></status>
</kw>
<status status="PASS" starttime="20210205 12:52:08.039" endtime="20210205 12:52:08.040"></status>
</kw>
<kw name="${item} = {'userId': 7, 'id': 68, 'title': 'odio quis facere architecto reiciendis optio', 'body': 'magnam molestiae perferendis quisquam\nqui cum reiciendis\nquaerat animi amet hic inventore\nea quia deleniti ..." type="foritem">
<kw name="Append To List" library="Collections">
<doc>Adds ``values`` to the end of ``list``.</doc>
<arguments>
<arg>${idlist}</arg>
<arg>${item['id']}</arg>
</arguments>
<status status="PASS" starttime="20210205 12:52:08.041" endtime="20210205 12:52:08.041"></status>
</kw>
<status status="PASS" starttime="20210205 12:52:08.040" endtime="20210205 12:52:08.041"></status>
</kw>
<kw name="${item} = {'userId': 7, 'id': 69, 'title': 'fugiat quod pariatur odit minima', 'body': 'officiis error culpa consequatur modi asperiores et\ndolorum assumenda voluptas et vel qui aut vel rerum\nvoluptatum quisq..." type="foritem">
<kw name="Append To List" library="Collections">
<doc>Adds ``values`` to the end of ``list``.</doc>
<arguments>
<arg>${idlist}</arg>
<arg>${item['id']}</arg>
</arguments>
<status status="PASS" starttime="20210205 12:52:08.042" endtime="20210205 12:52:08.042"></status>
</kw>
<status status="PASS" starttime="20210205 12:52:08.042" endtime="20210205 12:52:08.042"></status>
</kw>
<kw name="${item} = {'userId': 7, 'id': 70, 'title': 'voluptatem laborum magni', 'body': 'sunt repellendus quae\nest asperiores aut deleniti esse accusamus repellendus quia aut\nquia dolorem unde\neum tempora esse dolore..." type="foritem">
<kw name="Append To List" library="Collections">
<doc>Adds ``values`` to the end of ``list``.</doc>
<arguments>
<arg>${idlist}</arg>
<arg>${item['id']}</arg>
</arguments>
<status status="PASS" starttime="20210205 12:52:08.043" endtime="20210205 12:52:08.043"></status>
</kw>
<status status="PASS" starttime="20210205 12:52:08.043" endtime="20210205 12:52:08.043"></status>
</kw>
<kw name="${item} = {'userId': 8, 'id': 71, 'title': 'et iusto veniam et illum aut fuga', 'body': 'occaecati a doloribus\niste saepe consectetur placeat eum voluptate dolorem et\nqui quo quia voluptas\nrerum ut id enim v..." type="foritem">
<kw name="Append To List" library="Collections">
<doc>Adds ``values`` to the end of ``list``.</doc>
<arguments>
<arg>${idlist}</arg>
<arg>${item['id']}</arg>
</arguments>
<status status="PASS" starttime="20210205 12:52:08.044" endtime="20210205 12:52:08.045"></status>
</kw>
<status status="PASS" starttime="20210205 12:52:08.044" endtime="20210205 12:52:08.045"></status>
</kw>
<kw name="${item} = {'userId': 8, 'id': 72, 'title': 'sint hic doloribus consequatur eos non id', 'body': 'quam occaecati qui deleniti consectetur\nconsequatur aut facere quas exercitationem aliquam hic voluptas\nneque i..." type="foritem">
<kw name="Append To List" library="Collections">
<doc>Adds ``values`` to the end of ``list``.</doc>
<arguments>
<arg>${idlist}</arg>
<arg>${item['id']}</arg>
</arguments>
<status status="PASS" starttime="20210205 12:52:08.045" endtime="20210205 12:52:08.046"></status>
</kw>
<status status="PASS" starttime="20210205 12:52:08.045" endtime="20210205 12:52:08.046"></status>
</kw>
<kw name="${item} = {'userId': 8, 'id': 73, 'title': 'consequuntur deleniti eos quia temporibus ab aliquid at', 'body': 'voluptatem cumque tenetur consequatur expedita ipsum nemo quia explicabo\naut eum minima consequatu..." type="foritem">
<kw name="Append To List" library="Collections">
<doc>Adds ``values`` to the end of ``list``.</doc>
<arguments>
<arg>${idlist}</arg>
<arg>${item['id']}</arg>
</arguments>
<status status="PASS" starttime="20210205 12:52:08.046" endtime="20210205 12:52:08.047"></status>
</kw>
<status status="PASS" starttime="20210205 12:52:08.046" endtime="20210205 12:52:08.047"></status>
</kw>
<kw name="${item} = {'userId': 8, 'id': 74, 'title': 'enim unde ratione doloribus quas enim ut sit sapiente', 'body': 'odit qui et et necessitatibus sint veniam\nmollitia amet doloremque molestiae commodi similique magna..." type="foritem">
<kw name="Append To List" library="Collections">
<doc>Adds ``values`` to the end of ``list``.</doc>
<arguments>
<arg>${idlist}</arg>
<arg>${item['id']}</arg>
</arguments>
<status status="PASS" starttime="20210205 12:52:08.047" endtime="20210205 12:52:08.048"></status>
</kw>
<status status="PASS" starttime="20210205 12:52:08.047" endtime="20210205 12:52:08.048"></status>
</kw>
<kw name="${item} = {'userId': 8, 'id': 75, 'title': 'dignissimos eum dolor ut enim et delectus in', 'body': 'commodi non non omnis et voluptas sit\nautem aut nobis magnam et sapiente voluptatem\net laborum repellat qui ..." type="foritem">
<kw name="Append To List" library="Collections">
<doc>Adds ``values`` to the end of ``list``.</doc>
<arguments>
<arg>${idlist}</arg>
<arg>${item['id']}</arg>
</arguments>
<status status="PASS" starttime="20210205 12:52:08.049" endtime="20210205 12:52:08.049"></status>
</kw>
<status status="PASS" starttime="20210205 12:52:08.048" endtime="20210205 12:52:08.049"></status>
</kw>
<kw name="${item} = {'userId': 8, 'id': 76, 'title': 'doloremque officiis ad et non perferendis', 'body': 'ut animi facere\ntotam iusto tempore\nmolestiae eum aut et dolorem aperiam\nquaerat recusandae totam odio'}" type="foritem">
<kw name="Append To List" library="Collections">
<doc>Adds ``values`` to the end of ``list``.</doc>
<arguments>
<arg>${idlist}</arg>
<arg>${item['id']}</arg>
</arguments>
<status status="PASS" starttime="20210205 12:52:08.050" endtime="20210205 12:52:08.050"></status>
</kw>
<status status="PASS" starttime="20210205 12:52:08.049" endtime="20210205 12:52:08.050"></status>
</kw>
<kw name="${item} = {'userId': 8, 'id': 77, 'title': 'necessitatibus quasi exercitationem odio', 'body': 'modi ut in nulla repudiandae dolorum nostrum eos\naut consequatur omnis\nut incidunt est omnis iste et quam\nvolup..." type="foritem">
<kw name="Append To List" library="Collections">
<doc>Adds ``values`` to the end of ``list``.</doc>
<arguments>
<arg>${idlist}</arg>
<arg>${item['id']}</arg>
</arguments>
<status status="PASS" starttime="20210205 12:52:08.051" endtime="20210205 12:52:08.051"></status>
</kw>
<status status="PASS" starttime="20210205 12:52:08.050" endtime="20210205 12:52:08.051"></status>
</kw>
<kw name="${item} = {'userId': 8, 'id': 78, 'title': 'quam voluptatibus rerum veritatis', 'body': 'nobis facilis odit tempore cupiditate quia\nassumenda doloribus rerum qui ea\nillum et qui totam\naut veniam repellendus'..." type="foritem">
<kw name="Append To List" library="Collections">
<doc>Adds ``values`` to the end of ``list``.</doc>
<arguments>
<arg>${idlist}</arg>
<arg>${item['id']}</arg>
</arguments>
<status status="PASS" starttime="20210205 12:52:08.052" endtime="20210205 12:52:08.052"></status>
</kw>
<status status="PASS" starttime="20210205 12:52:08.051" endtime="20210205 12:52:08.052"></status>
</kw>
<kw name="${item} = {'userId': 8, 'id': 79, 'title': 'pariatur consequatur quia magnam autem omnis non amet', 'body': 'libero accusantium et et facere incidunt sit dolorem\nnon excepturi qui quia sed laudantium\nquisquam..." type="foritem">
<kw name="Append To List" library="Collections">
<doc>Adds ``values`` to the end of ``list``.</doc>
<arguments>
<arg>${idlist}</arg>
<arg>${item['id']}</arg>
</arguments>
<status status="PASS" starttime="20210205 12:52:08.053" endtime="20210205 12:52:08.054"></status>
</kw>
<status status="PASS" starttime="20210205 12:52:08.052" endtime="20210205 12:52:08.054"></status>
</kw>
<kw name="${item} = {'userId': 8, 'id': 80, 'title': 'labore in ex et explicabo corporis aut quas', 'body': 'ex quod dolorem ea eum iure qui provident amet\nquia qui facere excepturi et repudiandae\nasperiores molestias ..." type="foritem">
<kw name="Append To List" library="Collections">
<doc>Adds ``values`` to the end of ``list``.</doc>
<arguments>
<arg>${idlist}</arg>
<arg>${item['id']}</arg>
</arguments>
<status status="PASS" starttime="20210205 12:52:08.054" endtime="20210205 12:52:08.055"></status>
</kw>
<status status="PASS" starttime="20210205 12:52:08.054" endtime="20210205 12:52:08.055"></status>
</kw>
<kw name="${item} = {'userId': 9, 'id': 81, 'title': 'tempora rem veritatis voluptas quo dolores vero', 'body': 'facere qui nesciunt est voluptatum voluptatem nisi\nsequi eligendi necessitatibus ea at rerum itaque\nharum..." type="foritem">
<kw name="Append To List" library="Collections">
<doc>Adds ``values`` to the end of ``list``.</doc>
<arguments>
<arg>${idlist}</arg>
<arg>${item['id']}</arg>
</arguments>
<status status="PASS" starttime="20210205 12:52:08.055" endtime="20210205 12:52:08.056"></status>
</kw>
<status status="PASS" starttime="20210205 12:52:08.055" endtime="20210205 12:52:08.056"></status>
</kw>
<kw name="${item} = {'userId': 9, 'id': 82, 'title': 'laudantium voluptate suscipit sunt enim enim', 'body': 'ut libero sit aut totam inventore sunt\nporro sint qui sunt molestiae\nconsequatur cupiditate qui iste ducimus..." type="foritem">
<kw name="Append To List" library="Collections">
<doc>Adds ``values`` to the end of ``list``.</doc>
<arguments>
<arg>${idlist}</arg>
<arg>${item['id']}</arg>
</arguments>
<status status="PASS" starttime="20210205 12:52:08.056" endtime="20210205 12:52:08.057"></status>
</kw>
<status status="PASS" starttime="20210205 12:52:08.056" endtime="20210205 12:52:08.057"></status>
</kw>
<kw name="${item} = {'userId': 9, 'id': 83, 'title': 'odit et voluptates doloribus alias odio et', 'body': 'est molestiae facilis quis tempora numquam nihil qui\nvoluptate sapiente consequatur est qui\nnecessitatibus aut..." type="foritem">
<kw name="Append To List" library="Collections">
<doc>Adds ``values`` to the end of ``list``.</doc>
<arguments>
<arg>${idlist}</arg>
<arg>${item['id']}</arg>
</arguments>
<status status="PASS" starttime="20210205 12:52:08.057" endtime="20210205 12:52:08.058"></status>
</kw>
<status status="PASS" starttime="20210205 12:52:08.057" endtime="20210205 12:52:08.058"></status>
</kw>
<kw name="${item} = {'userId': 9, 'id': 84, 'title': 'optio ipsam molestias necessitatibus occaecati facilis veritatis dolores aut', 'body': 'sint molestiae magni a et quos\neaque et quasi\nut rerum debitis similique ven..." type="foritem">
<kw name="Append To List" library="Collections">
<doc>Adds ``values`` to the end of ``list``.</doc>
<arguments>
<arg>${idlist}</arg>
<arg>${item['id']}</arg>
</arguments>
<status status="PASS" starttime="20210205 12:52:08.058" endtime="20210205 12:52:08.060"></status>
</kw>
<status status="PASS" starttime="20210205 12:52:08.058" endtime="20210205 12:52:08.060"></status>
</kw>
<kw name="${item} = {'userId': 9, 'id': 85, 'title': 'dolore veritatis porro provident adipisci blanditiis et sunt', 'body': 'similique sed nisi voluptas iusto omnis\nmollitia et quo\nassumenda suscipit officia magnam si..." type="foritem">
<kw name="Append To List" library="Collections">
<doc>Adds ``values`` to the end of ``list``.</doc>
<arguments>
<arg>${idlist}</arg>
<arg>${item['id']}</arg>
</arguments>
<status status="PASS" starttime="20210205 12:52:08.061" endtime="20210205 12:52:08.061"></status>
</kw>
<status status="PASS" starttime="20210205 12:52:08.060" endtime="20210205 12:52:08.061"></status>
</kw>
<kw name="${item} = {'userId': 9, 'id': 86, 'title': 'placeat quia et porro iste', 'body': 'quasi excepturi consequatur iste autem temporibus sed molestiae beatae\net quaerat et esse ut\nvoluptatem occaecati et vel expli..." type="foritem">
<kw name="Append To List" library="Collections">
<doc>Adds ``values`` to the end of ``list``.</doc>
<arguments>
<arg>${idlist}</arg>
<arg>${item['id']}</arg>
</arguments>
<status status="PASS" starttime="20210205 12:52:08.062" endtime="20210205 12:52:08.063"></status>
</kw>
<status status="PASS" starttime="20210205 12:52:08.062" endtime="20210205 12:52:08.063"></status>
</kw>
<kw name="${item} = {'userId': 9, 'id': 87, 'title': 'nostrum quis quasi placeat', 'body': 'eos et molestiae\nnesciunt ut a\ndolores perspiciatis repellendus repellat aliquid\nmagnam sint rem ipsum est'}" type="foritem">
<kw name="Append To List" library="Collections">
<doc>Adds ``values`` to the end of ``list``.</doc>
<arguments>
<arg>${idlist}</arg>
<arg>${item['id']}</arg>
</arguments>
<status status="PASS" starttime="20210205 12:52:08.063" endtime="20210205 12:52:08.065"></status>
</kw>
<status status="PASS" starttime="20210205 12:52:08.063" endtime="20210205 12:52:08.065"></status>
</kw>
<kw name="${item} = {'userId': 9, 'id': 88, 'title': 'sapiente omnis fugit eos', 'body': 'consequatur omnis est praesentium\nducimus non iste\nneque hic deserunt\nvoluptatibus veniam cum et rerum sed'}" type="foritem">
<kw name="Append To List" library="Collections">
<doc>Adds ``values`` to the end of ``list``.</doc>
<arguments>
<arg>${idlist}</arg>
<arg>${item['id']}</arg>
</arguments>
<status status="PASS" starttime="20210205 12:52:08.065" endtime="20210205 12:52:08.066"></status>
</kw>
<status status="PASS" starttime="20210205 12:52:08.065" endtime="20210205 12:52:08.066"></status>
</kw>
<kw name="${item} = {'userId': 9, 'id': 89, 'title': 'sint soluta et vel magnam aut ut sed qui', 'body': 'repellat aut aperiam totam temporibus autem et\narchitecto magnam ut\nconsequatur qui cupiditate rerum quia soluta..." type="foritem">
<kw name="Append To List" library="Collections">
<doc>Adds ``values`` to the end of ``list``.</doc>
<arguments>
<arg>${idlist}</arg>
<arg>${item['id']}</arg>
</arguments>
<status status="PASS" starttime="20210205 12:52:08.066" endtime="20210205 12:52:08.067"></status>
</kw>
<status status="PASS" starttime="20210205 12:52:08.066" endtime="20210205 12:52:08.067"></status>
</kw>
<kw name="${item} = {'userId': 9, 'id': 90, 'title': 'ad iusto omnis odit dolor voluptatibus', 'body': 'minus omnis soluta quia\nqui sed adipisci voluptates illum ipsam voluptatem\neligendi officia ut in\neos soluta simi..." type="foritem">
<kw name="Append To List" library="Collections">
<doc>Adds ``values`` to the end of ``list``.</doc>
<arguments>
<arg>${idlist}</arg>
<arg>${item['id']}</arg>
</arguments>
<status status="PASS" starttime="20210205 12:52:08.068" endtime="20210205 12:52:08.068"></status>
</kw>
<status status="PASS" starttime="20210205 12:52:08.067" endtime="20210205 12:52:08.068"></status>
</kw>
<kw name="${item} = {'userId': 10, 'id': 91, 'title': 'aut amet sed', 'body': 'libero voluptate eveniet aperiam sed\nsunt placeat suscipit molestias\nsimilique fugit nam natus\nexpedita consequatur consequatur dolores qu..." type="foritem">
<kw name="Append To List" library="Collections">
<doc>Adds ``values`` to the end of ``list``.</doc>
<arguments>
<arg>${idlist}</arg>
<arg>${item['id']}</arg>
</arguments>
<status status="PASS" starttime="20210205 12:52:08.069" endtime="20210205 12:52:08.070"></status>
</kw>
<status status="PASS" starttime="20210205 12:52:08.069" endtime="20210205 12:52:08.070"></status>
</kw>
<kw name="${item} = {'userId': 10, 'id': 92, 'title': 'ratione ex tenetur perferendis', 'body': 'aut et excepturi dicta laudantium sint rerum nihil\nlaudantium et at\na neque minima officia et similique libero et\ncommod..." type="foritem">
<kw name="Append To List" library="Collections">
<doc>Adds ``values`` to the end of ``list``.</doc>
<arguments>
<arg>${idlist}</arg>
<arg>${item['id']}</arg>
</arguments>
<status status="PASS" starttime="20210205 12:52:08.070" endtime="20210205 12:52:08.071"></status>
</kw>
<status status="PASS" starttime="20210205 12:52:08.070" endtime="20210205 12:52:08.071"></status>
</kw>
<kw name="${item} = {'userId': 10, 'id': 93, 'title': 'beatae soluta recusandae', 'body': 'dolorem quibusdam ducimus consequuntur dicta aut quo laboriosam\nvoluptatem quis enim recusandae ut sed sunt\nnostrum est odit to..." type="foritem">
<kw name="Append To List" library="Collections">
<doc>Adds ``values`` to the end of ``list``.</doc>
<arguments>
<arg>${idlist}</arg>
<arg>${item['id']}</arg>
</arguments>
<status status="PASS" starttime="20210205 12:52:08.071" endtime="20210205 12:52:08.072"></status>
</kw>
<status status="PASS" starttime="20210205 12:52:08.071" endtime="20210205 12:52:08.072"></status>
</kw>
<kw name="${item} = {'userId': 10, 'id': 94, 'title': 'qui qui voluptates illo iste minima', 'body': 'aspernatur expedita soluta quo ab ut similique\nexpedita dolores amet\nsed temporibus distinctio magnam saepe deleniti..." type="foritem">
<kw name="Append To List" library="Collections">
<doc>Adds ``values`` to the end of ``list``.</doc>
<arguments>
<arg>${idlist}</arg>
<arg>${item['id']}</arg>
</arguments>
<status status="PASS" starttime="20210205 12:52:08.072" endtime="20210205 12:52:08.073"></status>
</kw>
<status status="PASS" starttime="20210205 12:52:08.072" endtime="20210205 12:52:08.073"></status>
</kw>
<kw name="${item} = {'userId': 10, 'id': 95, 'title': 'id minus libero illum nam ad officiis', 'body': 'earum voluptatem facere provident blanditiis velit laboriosam\npariatur accusamus odio saepe\ncumque dolor qui a dic..." type="foritem">
<kw name="Append To List" library="Collections">
<doc>Adds ``values`` to the end of ``list``.</doc>
<arguments>
<arg>${idlist}</arg>
<arg>${item['id']}</arg>
</arguments>
<status status="PASS" starttime="20210205 12:52:08.073" endtime="20210205 12:52:08.074"></status>
</kw>
<status status="PASS" starttime="20210205 12:52:08.073" endtime="20210205 12:52:08.074"></status>
</kw>
<kw name="${item} = {'userId': 10, 'id': 96, 'title': 'quaerat velit veniam amet cupiditate aut numquam ut sequi', 'body': 'in non odio excepturi sint eum\nlabore voluptates vitae quia qui et\ninventore itaque rerum\nven..." type="foritem">
<kw name="Append To List" library="Collections">
<doc>Adds ``values`` to the end of ``list``.</doc>
<arguments>
<arg>${idlist}</arg>
<arg>${item['id']}</arg>
</arguments>
<status status="PASS" starttime="20210205 12:52:08.075" endtime="20210205 12:52:08.076"></status>
</kw>
<status status="PASS" starttime="20210205 12:52:08.074" endtime="20210205 12:52:08.076"></status>
</kw>
<kw name="${item} = {'userId': 10, 'id': 97, 'title': 'quas fugiat ut perspiciatis vero provident', 'body': 'eum non blanditiis soluta porro quibusdam voluptas\nvel voluptatem qui placeat dolores qui velit aut\nvel inven..." type="foritem">
<kw name="Append To List" library="Collections">
<doc>Adds ``values`` to the end of ``list``.</doc>
<arguments>
<arg>${idlist}</arg>
<arg>${item['id']}</arg>
</arguments>
<status status="PASS" starttime="20210205 12:52:08.076" endtime="20210205 12:52:08.077"></status>
</kw>
<status status="PASS" starttime="20210205 12:52:08.076" endtime="20210205 12:52:08.077"></status>
</kw>
<kw name="${item} = {'userId': 10, 'id': 98, 'title': 'laboriosam dolor voluptates', 'body': 'doloremque ex facilis sit sint culpa\nsoluta assumenda eligendi non ut eius\nsequi ducimus vel quasi\nveritatis est dolores'}" type="foritem">
<kw name="Append To List" library="Collections">
<doc>Adds ``values`` to the end of ``list``.</doc>
<arguments>
<arg>${idlist}</arg>
<arg>${item['id']}</arg>
</arguments>
<status status="PASS" starttime="20210205 12:52:08.078" endtime="20210205 12:52:08.078"></status>
</kw>
<status status="PASS" starttime="20210205 12:52:08.077" endtime="20210205 12:52:08.078"></status>
</kw>
<kw name="${item} = {'userId': 10, 'id': 99, 'title': 'temporibus sit alias delectus eligendi possimus magni', 'body': 'quo deleniti praesentium dicta non quod\naut est molestias\nmolestias et officia quis nihil\nitaque ..." type="foritem">
<kw name="Append To List" library="Collections">
<doc>Adds ``values`` to the end of ``list``.</doc>
<arguments>
<arg>${idlist}</arg>
[...]
} 
 </msg>
<msg timestamp="20210205 12:52:27.560" level="INFO">${response} = &lt;Response [200]&gt;</msg>
<status status="PASS" starttime="20210205 12:52:27.510" endtime="20210205 12:52:27.560"></status>
</kw>
<msg timestamp="20210205 12:52:27.560" level="INFO">${response} = &lt;Response [200]&gt;</msg>
<status status="PASS" starttime="20210205 12:52:27.508" endtime="20210205 12:52:27.560"></status>
</kw>
<kw name="VALIDATE RESPONSE SCHEMA" library="PostsHelper">
<arguments>
<arg>${response}</arg>
<arg>Single</arg>
</arguments>
<kw name="Run Keyword If" library="BuiltIn">
<doc>Runs the given keyword with the given arguments, if ``condition`` is true.</doc>
<arguments>
<arg>'${responsetype}' == 'All'</arg>
<arg>Validate Json</arg>
<arg>GET_Posts.schema.json</arg>
<arg>${response.json()}</arg>
<arg>ELSE IF</arg>
<arg>'${responsetype}' == 'Single'</arg>
<arg>Validate Json</arg>
<arg>GET_Single_Posts.schema.json</arg>
<arg>${response.json()}</arg>
<arg>ELSE IF</arg>
<arg>'${responsetype}' == 'Empty'</arg>
<arg>Validate Json</arg>
<arg>Empty.schema.json</arg>
<arg>${response.json()}</arg>
</arguments>
<kw name="Validate Json" library="JSONSchemaLibrary">
<doc>Validates the sample JSON against the given schema.</doc>
<arguments>
<arg>GET_Single_Posts.schema.json</arg>
<arg>${response.json()}</arg>
</arguments>
<status status="PASS" starttime="20210205 12:52:27.563" endtime="20210205 12:52:27.566"></status>
</kw>
<status status="PASS" starttime="20210205 12:52:27.562" endtime="20210205 12:52:27.566"></status>
</kw>
<status status="PASS" starttime="20210205 12:52:27.561" endtime="20210205 12:52:27.566"></status>
</kw>
<kw name="VALIDATE STATUS CODE" library="PostsHelper">
<arguments>
<arg>200</arg>
<arg>${response.status_code}</arg>
</arguments>
<kw name="Should Be Equal As Strings" library="BuiltIn">
<doc>Fails if objects are unequal after converting them to strings.</doc>
<arguments>
<arg>${statuscode}</arg>
<arg>${value}</arg>
</arguments>
<msg timestamp="20210205 12:52:27.568" level="INFO">Argument types are:
&lt;class 'int'&gt;
&lt;type 'unicode'&gt;</msg>
<status status="PASS" starttime="20210205 12:52:27.567" endtime="20210205 12:52:27.568"></status>
</kw>
<status status="PASS" starttime="20210205 12:52:27.566" endtime="20210205 12:52:27.568"></status>
</kw>
<kw name="VALIDATE SINGLE RESPONSE ID" library="PostsHelper">
<arguments>
<arg>${response}</arg>
<arg>${postid}</arg>
</arguments>
<kw name="Create List" library="BuiltIn">
<doc>Returns a list containing given items.</doc>
<assign>
<var>@{idvalue}</var>
</assign>
<msg timestamp="20210205 12:52:27.570" level="INFO">@{idvalue} = [ ]</msg>
<status status="PASS" starttime="20210205 12:52:27.570" endtime="20210205 12:52:27.570"></status>
</kw>
<kw name="Get Value From Json" library="JSONLibrary">
<doc>Get Value From JSON using JSONPath</doc>
<arguments>
<arg>${response.json()}</arg>
<arg>id</arg>
</arguments>
<assign>
<var>${idvalue}</var>
</assign>
<msg timestamp="20210205 12:52:27.636" level="INFO">${idvalue} = [98]</msg>
<status status="PASS" starttime="20210205 12:52:27.570" endtime="20210205 12:52:27.636"></status>
</kw>
<kw name="Get From List" library="Collections">
<doc>Returns the value specified with an ``index`` from ``list``.</doc>
<arguments>
<arg>${idvalue}</arg>
<arg>0</arg>
</arguments>
<assign>
<var>${responseid}</var>
</assign>
<msg timestamp="20210205 12:52:27.637" level="INFO">${responseid} = 98</msg>
<status status="PASS" starttime="20210205 12:52:27.636" endtime="20210205 12:52:27.637"></status>
</kw>
<kw name="Should Be Equal As Strings" library="BuiltIn">
<doc>Fails if objects are unequal after converting them to strings.</doc>
<arguments>
<arg>${responseid}</arg>
<arg>${postidrequest}</arg>
</arguments>
<status status="PASS" starttime="20210205 12:52:27.637" endtime="20210205 12:52:27.637"></status>
</kw>
<kw name="Create List" library="BuiltIn">
<doc>Returns a list containing given items.</doc>
<assign>
<var>@{idvalue}</var>
</assign>
<msg timestamp="20210205 12:52:27.638" level="INFO">@{idvalue} = [ ]</msg>
<status status="PASS" starttime="20210205 12:52:27.637" endtime="20210205 12:52:27.638"></status>
</kw>
<status status="PASS" starttime="20210205 12:52:27.569" endtime="20210205 12:52:27.638"></status>
</kw>
<status status="PASS" starttime="20210205 12:52:27.508" endtime="20210205 12:52:27.638"></status>
</kw>
<kw name="${postid} = 99" type="foritem">
<kw name="INITIATE GET REQUEST" library="PostsHelper">
<arguments>
<arg>Get_Single_Post</arg>
<arg>${base_url}</arg>
<arg>/posts/${postid}</arg>
</arguments>
<assign>
<var>${response}</var>
</assign>
<kw name="Create Session" library="RequestsLibrary">
<doc>Create Session: create a HTTP session to a server</doc>
<arguments>
<arg>${session_name}</arg>
<arg>${url}</arg>
</arguments>
<msg timestamp="20210205 12:52:27.639" level="INFO">Creating Session using : alias=Get_Single_Post, url=http://jsonplaceholder.typicode.com, headers={},                     cookies={}, auth=None, timeout=None, proxies=None, verify=False,                     debug=0 </msg>
<status status="PASS" starttime="20210205 12:52:27.639" endtime="20210205 12:52:27.639"></status>
</kw>
<kw name="Get On Session" library="RequestsLibrary">
<doc>Sends a GET request on a previously created HTTP Session.</doc>
<arguments>
<arg>${session_name}</arg>
<arg>${endpoint}</arg>
</arguments>
<assign>
<var>${response}</var>
</assign>
<msg timestamp="20210205 12:52:27.701" level="INFO">GET Request : url=http://jsonplaceholder.typicode.com/posts/99 
 path_url=/posts/99 
 headers={'User-Agent': 'python-requests/2.25.1', 'Accept-Encoding': 'gzip, deflate', 'Accept': '*/*', 'Connection': 'keep-alive'} 
 body=None 
 </msg>
<msg timestamp="20210205 12:52:27.701" level="INFO">GET Response : url=http://jsonplaceholder.typicode.com/posts/99 
 status=200, reason=OK 
 headers={'Date': 'Fri, 05 Feb 2021 17:52:27 GMT', 'Content-Type': 'application/json; charset=utf-8', 'Transfer-Encoding': 'chunked', 'Connection': 'keep-alive', 'Set-Cookie': '__cfduid=dcd3112c3336a405b63705ebeff50ec561612547547; expires=Sun, 07-Mar-21 17:52:27 GMT; path=/; domain=.typicode.com; HttpOnly; SameSite=Lax', 'X-Powered-By': 'Express', 'X-Ratelimit-Limit': '1000', 'X-Ratelimit-Remaining': '913', 'X-Ratelimit-Reset': '1612493086', 'Vary': 'Origin, Accept-Encoding', 'Access-Control-Allow-Credentials': 'true', 'Cache-Control': 'max-age=43200', 'Pragma': 'no-cache', 'Expires': '-1', 'X-Content-Type-Options': 'nosniff', 'Etag': 'W/"e0-aXopzb0YfAN1tmSD/RVNZPaEz8g"', 'Via': '1.1 vegur', 'CF-Cache-Status': 'HIT', 'Age': '14097', 'cf-request-id': '0814ebfab5000038185b83a000000001', 'Report-To': '{"group":"cf-nel","endpoints":[{"url":"https:\\/\\/a.nel.cloudflare.com\\/report?s=Gh5fXoJ43fGdvHrsLCYBHkM9bpzeoxHqVV6rOVBmnQaRXURVWa%2FzwfKDuX%2FS3LUmqSDoLgeGVXS9Qzvjtd0iFBoEtV6soaHx2Jslo%2BdrWug5IkC3iO6bZem3a8HF"}],"max_age":604800}', 'NEL': '{"max_age":604800,"report_to":"cf-nel"}', 'Server': 'cloudflare', 'CF-RAY': '61ce7c3de88b3818-IAD', 'Content-Encoding': 'gzip'} 
 body={
  "userId": 10,
  "id": 99,
  "title": "temporibus sit alias delectus eligendi possimus magni",
  "body": "quo deleniti praesentium dicta non quod\naut est molestias\nmolestias et officia quis nihil\nitaque dolorem quia"
} 
 </msg>
<msg timestamp="20210205 12:52:27.702" level="INFO">${response} = &lt;Response [200]&gt;</msg>
<status status="PASS" starttime="20210205 12:52:27.640" endtime="20210205 12:52:27.702"></status>
</kw>
<msg timestamp="20210205 12:52:27.702" level="INFO">${response} = &lt;Response [200]&gt;</msg>
<status status="PASS" starttime="20210205 12:52:27.638" endtime="20210205 12:52:27.702"></status>
</kw>
<kw name="VALIDATE RESPONSE SCHEMA" library="PostsHelper">
<arguments>
<arg>${response}</arg>
<arg>Single</arg>
</arguments>
<kw name="Run Keyword If" library="BuiltIn">
<doc>Runs the given keyword with the given arguments, if ``condition`` is true.</doc>
<arguments>
<arg>'${responsetype}' == 'All'</arg>
<arg>Validate Json</arg>
<arg>GET_Posts.schema.json</arg>
<arg>${response.json()}</arg>
<arg>ELSE IF</arg>
<arg>'${responsetype}' == 'Single'</arg>
<arg>Validate Json</arg>
<arg>GET_Single_Posts.schema.json</arg>
<arg>${response.json()}</arg>
<arg>ELSE IF</arg>
<arg>'${responsetype}' == 'Empty'</arg>
<arg>Validate Json</arg>
<arg>Empty.schema.json</arg>
<arg>${response.json()}</arg>
</arguments>
<kw name="Validate Json" library="JSONSchemaLibrary">
<doc>Validates the sample JSON against the given schema.</doc>
<arguments>
<arg>GET_Single_Posts.schema.json</arg>
<arg>${response.json()}</arg>
</arguments>
<status status="PASS" starttime="20210205 12:52:27.705" endtime="20210205 12:52:27.708"></status>
</kw>
<status status="PASS" starttime="20210205 12:52:27.704" endtime="20210205 12:52:27.708"></status>
</kw>
<status status="PASS" starttime="20210205 12:52:27.703" endtime="20210205 12:52:27.708"></status>
</kw>
<kw name="VALIDATE STATUS CODE" library="PostsHelper">
<arguments>
<arg>200</arg>
<arg>${response.status_code}</arg>
</arguments>
<kw name="Should Be Equal As Strings" library="BuiltIn">
<doc>Fails if objects are unequal after converting them to strings.</doc>
<arguments>
<arg>${statuscode}</arg>
<arg>${value}</arg>
</arguments>
<msg timestamp="20210205 12:52:27.710" level="INFO">Argument types are:
&lt;class 'int'&gt;
&lt;type 'unicode'&gt;</msg>
<status status="PASS" starttime="20210205 12:52:27.709" endtime="20210205 12:52:27.710"></status>
</kw>
<status status="PASS" starttime="20210205 12:52:27.708" endtime="20210205 12:52:27.710"></status>
</kw>
<kw name="VALIDATE SINGLE RESPONSE ID" library="PostsHelper">
<arguments>
<arg>${response}</arg>
<arg>${postid}</arg>
</arguments>
<kw name="Create List" library="BuiltIn">
<doc>Returns a list containing given items.</doc>
<assign>
<var>@{idvalue}</var>
</assign>
<msg timestamp="20210205 12:52:27.712" level="INFO">@{idvalue} = [ ]</msg>
<status status="PASS" starttime="20210205 12:52:27.712" endtime="20210205 12:52:27.712"></status>
</kw>
<kw name="Get Value From Json" library="JSONLibrary">
<doc>Get Value From JSON using JSONPath</doc>
<arguments>
<arg>${response.json()}</arg>
<arg>id</arg>
</arguments>
<assign>
<var>${idvalue}</var>
</assign>
<msg timestamp="20210205 12:52:27.777" level="INFO">${idvalue} = [99]</msg>
<status status="PASS" starttime="20210205 12:52:27.713" endtime="20210205 12:52:27.777"></status>
</kw>
<kw name="Get From List" library="Collections">
<doc>Returns the value specified with an ``index`` from ``list``.</doc>
<arguments>
<arg>${idvalue}</arg>
<arg>0</arg>
</arguments>
<assign>
<var>${responseid}</var>
</assign>
<msg timestamp="20210205 12:52:27.778" level="INFO">${responseid} = 99</msg>
<status status="PASS" starttime="20210205 12:52:27.778" endtime="20210205 12:52:27.779"></status>
</kw>
<kw name="Should Be Equal As Strings" library="BuiltIn">
<doc>Fails if objects are unequal after converting them to strings.</doc>
<arguments>
<arg>${responseid}</arg>
<arg>${postidrequest}</arg>
</arguments>
<status status="PASS" starttime="20210205 12:52:27.779" endtime="20210205 12:52:27.780"></status>
</kw>
<kw name="Create List" library="BuiltIn">
<doc>Returns a list containing given items.</doc>
<assign>
<var>@{idvalue}</var>
</assign>
<msg timestamp="20210205 12:52:27.780" level="INFO">@{idvalue} = [ ]</msg>
<status status="PASS" starttime="20210205 12:52:27.780" endtime="20210205 12:52:27.780"></status>
</kw>
<status status="PASS" starttime="20210205 12:52:27.710" endtime="20210205 12:52:27.781"></status>
</kw>
<status status="PASS" starttime="20210205 12:52:27.638" endtime="20210205 12:52:27.781"></status>
</kw>
<kw name="${postid} = 100" type="foritem">
<kw name="INITIATE GET REQUEST" library="PostsHelper">
<arguments>
<arg>Get_Single_Post</arg>
<arg>${base_url}</arg>
<arg>/posts/${postid}</arg>
</arguments>
<assign>
<var>${response}</var>
</assign>
<kw name="Create Session" library="RequestsLibrary">
<doc>Create Session: create a HTTP session to a server</doc>
<arguments>
<arg>${session_name}</arg>
<arg>${url}</arg>
</arguments>
<msg timestamp="20210205 12:52:27.782" level="INFO">Creating Session using : alias=Get_Single_Post, url=http://jsonplaceholder.typicode.com, headers={},                     cookies={}, auth=None, timeout=None, proxies=None, verify=False,                     debug=0 </msg>
<status status="PASS" starttime="20210205 12:52:27.782" endtime="20210205 12:52:27.783"></status>
</kw>
<kw name="Get On Session" library="RequestsLibrary">
<doc>Sends a GET request on a previously created HTTP Session.</doc>
<arguments>
<arg>${session_name}</arg>
<arg>${endpoint}</arg>
</arguments>
<assign>
<var>${response}</var>
</assign>
<msg timestamp="20210205 12:52:27.842" level="INFO">GET Request : url=http://jsonplaceholder.typicode.com/posts/100 
 path_url=/posts/100 
 headers={'User-Agent': 'python-requests/2.25.1', 'Accept-Encoding': 'gzip, deflate', 'Accept': '*/*', 'Connection': 'keep-alive'} 
 body=None 
 </msg>
<msg timestamp="20210205 12:52:27.842" level="INFO">GET Response : url=http://jsonplaceholder.typicode.com/posts/100 
 status=200, reason=OK 
 headers={'Date': 'Fri, 05 Feb 2021 17:52:27 GMT', 'Content-Type': 'application/json; charset=utf-8', 'Transfer-Encoding': 'chunked', 'Connection': 'keep-alive', 'Set-Cookie': '__cfduid=d27d0012a0ca085d5efc893b3e31d701d1612547547; expires=Sun, 07-Mar-21 17:52:27 GMT; path=/; domain=.typicode.com; HttpOnly; SameSite=Lax', 'X-Powered-By': 'Express', 'X-Ratelimit-Limit': '1000', 'X-Ratelimit-Remaining': '914', 'X-Ratelimit-Reset': '1611555792', 'Vary': 'Origin, Accept-Encoding', 'Access-Control-Allow-Credentials': 'true', 'Cache-Control': 'max-age=43200', 'Pragma': 'no-cache', 'Expires': '-1', 'X-Content-Type-Options': 'nosniff', 'Etag': 'W/"f6-y8dGztR3vozPwBFMPtlocc+auJg"', 'Via': '1.1 vegur', 'CF-Cache-Status': 'HIT', 'Age': '14097', 'cf-request-id': '0814ebfb3f0000f19c382ba000000001', 'Report-To': '{"group":"cf-nel","endpoints":[{"url":"https:\\/\\/a.nel.cloudflare.com\\/report?s=thReUBjYFKRASKwy1SjVb8PV4V2vH2rUBaqjNlTapw2bbQMPX39jeecJWYyZ2X3YJe3H4idYlH0a3lBTpwOLgO6kDEmJ6lvwDnEa1aXgRP9mVJARY1iCfq0xbP5a"}],"max_age":604800}', 'NEL': '{"report_to":"cf-nel","max_age":604800}', 'Server': 'cloudflare', 'CF-RAY': '61ce7c3ecf7ff19c-IAD', 'Content-Encoding': 'gzip'} 
 body={
  "userId": 10,
  "id": 100,
  "title": "at nam consequatur ea labore ea harum",
  "body": "cupiditate quo est a modi nesciunt soluta\nipsa voluptas error itaque dicta in\nautem qui minus magnam et distinctio eum\naccusamus ratione error aut"
} 
 </msg>
<msg timestamp="20210205 12:52:27.843" level="INFO">${response} = &lt;Response [200]&gt;</msg>
<status status="PASS" starttime="20210205 12:52:27.783" endtime="20210205 12:52:27.843"></status>
</kw>
<msg timestamp="20210205 12:52:27.843" level="INFO">${response} = &lt;Response [200]&gt;</msg>
<status status="PASS" starttime="20210205 12:52:27.781" endtime="20210205 12:52:27.843"></status>
</kw>
<kw name="VALIDATE RESPONSE SCHEMA" library="PostsHelper">
<arguments>
<arg>${response}</arg>
<arg>Single</arg>
</arguments>
<kw name="Run Keyword If" library="BuiltIn">
<doc>Runs the given keyword with the given arguments, if ``condition`` is true.</doc>
<arguments>
<arg>'${responsetype}' == 'All'</arg>
<arg>Validate Json</arg>
<arg>GET_Posts.schema.json</arg>
<arg>${response.json()}</arg>
<arg>ELSE IF</arg>
<arg>'${responsetype}' == 'Single'</arg>
<arg>Validate Json</arg>
<arg>GET_Single_Posts.schema.json</arg>
<arg>${response.json()}</arg>
<arg>ELSE IF</arg>
<arg>'${responsetype}' == 'Empty'</arg>
<arg>Validate Json</arg>
<arg>Empty.schema.json</arg>
<arg>${response.json()}</arg>
</arguments>
<kw name="Validate Json" library="JSONSchemaLibrary">
<doc>Validates the sample JSON against the given schema.</doc>
<arguments>
<arg>GET_Single_Posts.schema.json</arg>
<arg>${response.json()}</arg>
</arguments>
<status status="PASS" starttime="20210205 12:52:27.846" endtime="20210205 12:52:27.849"></status>
</kw>
<status status="PASS" starttime="20210205 12:52:27.844" endtime="20210205 12:52:27.849"></status>
</kw>
<status status="PASS" starttime="20210205 12:52:27.843" endtime="20210205 12:52:27.849"></status>
</kw>
<kw name="VALIDATE STATUS CODE" library="PostsHelper">
<arguments>
<arg>200</arg>
<arg>${response.status_code}</arg>
</arguments>
<kw name="Should Be Equal As Strings" library="BuiltIn">
<doc>Fails if objects are unequal after converting them to strings.</doc>
<arguments>
<arg>${statuscode}</arg>
<arg>${value}</arg>
</arguments>
<msg timestamp="20210205 12:52:27.851" level="INFO">Argument types are:
&lt;class 'int'&gt;
&lt;type 'unicode'&gt;</msg>
<status status="PASS" starttime="20210205 12:52:27.851" endtime="20210205 12:52:27.851"></status>
</kw>
<status status="PASS" starttime="20210205 12:52:27.849" endtime="20210205 12:52:27.851"></status>
</kw>
<kw name="VALIDATE SINGLE RESPONSE ID" library="PostsHelper">
<arguments>
<arg>${response}</arg>
<arg>${postid}</arg>
</arguments>
<kw name="Create List" library="BuiltIn">
<doc>Returns a list containing given items.</doc>
<assign>
<var>@{idvalue}</var>
</assign>
<msg timestamp="20210205 12:52:27.853" level="INFO">@{idvalue} = [ ]</msg>
<status status="PASS" starttime="20210205 12:52:27.852" endtime="20210205 12:52:27.853"></status>
</kw>
<kw name="Get Value From Json" library="JSONLibrary">
<doc>Get Value From JSON using JSONPath</doc>
<arguments>
<arg>${response.json()}</arg>
<arg>id</arg>
</arguments>
<assign>
<var>${idvalue}</var>
</assign>
<msg timestamp="20210205 12:52:27.915" level="INFO">${idvalue} = [100]</msg>
<status status="PASS" starttime="20210205 12:52:27.853" endtime="20210205 12:52:27.915"></status>
</kw>
<kw name="Get From List" library="Collections">
<doc>Returns the value specified with an ``index`` from ``list``.</doc>
<arguments>
<arg>${idvalue}</arg>
<arg>0</arg>
</arguments>
<assign>
<var>${responseid}</var>
</assign>
<msg timestamp="20210205 12:52:27.917" level="INFO">${responseid} = 100</msg>
<status status="PASS" starttime="20210205 12:52:27.916" endtime="20210205 12:52:27.917"></status>
</kw>
<kw name="Should Be Equal As Strings" library="BuiltIn">
<doc>Fails if objects are unequal after converting them to strings.</doc>
<arguments>
<arg>${responseid}</arg>
<arg>${postidrequest}</arg>
</arguments>
<status status="PASS" starttime="20210205 12:52:27.917" endtime="20210205 12:52:27.918"></status>
</kw>
<kw name="Create List" library="BuiltIn">
<doc>Returns a list containing given items.</doc>
<assign>
<var>@{idvalue}</var>
</assign>
<msg timestamp="20210205 12:52:27.918" level="INFO">@{idvalue} = [ ]</msg>
<status status="PASS" starttime="20210205 12:52:27.918" endtime="20210205 12:52:27.918"></status>
</kw>
<status status="PASS" starttime="20210205 12:52:27.852" endtime="20210205 12:52:27.919"></status>
</kw>
<status status="PASS" starttime="20210205 12:52:27.781" endtime="20210205 12:52:27.919"></status>
</kw>
<status status="PASS" starttime="20210205 12:52:09.169" endtime="20210205 12:52:27.919"></status>
</kw>
<doc>Validate Response for Getting post by passing single post id</doc>
<tags>
<tag>Positive Extensive</tag>
</tags>
<status status="PASS" starttime="20210205 12:52:09.140" endtime="20210205 12:52:27.920" critical="yes"></status>
</test>
<status status="PASS" starttime="20210205 12:52:06.842" endtime="20210205 12:52:27.932"></status>
</suite>
<statistics>
<total>
<stat pass="8" fail="0">Critical Tests</stat>
<stat pass="8" fail="0">All Tests</stat>
</total>
<tag>
<stat pass="1" fail="0">Negative Boundary</stat>
<stat pass="1" fail="0">Negative Smoke</stat>
<stat pass="1" fail="0">Positive</stat>
<stat pass="1" fail="0">Positive Boundary</stat>
<stat pass="1" fail="0">Positive Extensive</stat>
<stat pass="1" fail="0">Positive Smoke</stat>
</tag>
<suite>
<stat pass="8" fail="0" id="s1" name="TS001 Posts">TS001 Posts</stat>
</suite>
</statistics>
<errors>
</errors>
</robot>
